[ 2018-05-16T17:14:32+08:00 ] 127.0.0.1 /index.php/
INFO: [ route_check ] --START--
INFO: CheckRoute Behavior ::run [ RunTime:0.001000s ]
INFO: [ route_check ] --END-- [ RunTime:0.001000s ]
INFO: [ app_begin ] --START--
INFO: ReadHtmlCache Behavior ::run [ RunTime:0.000000s ]
INFO: [ app_begin ] --END-- [ RunTime:0.000000s ]
NOTIC: [8] A session had already been started - ignoring session_start() F:\www\p2p222notminsheng\TP\Common\functions.php 第 566 行.
SQL: SHOW COLUMNS FROM `tp_loan` [ RunTime:0.038002s ]
SQL: SELECT * FROM `tp_loan` WHERE ( `is_effect` = 1 ) AND ( `is_delete` = 0 ) AND ( `recommend` = 1 ) ORDER BY loan_order DESC,create_time DESC,id DESC LIMIT 1   [ RunTime:0.002000s ]
SQL: SHOW COLUMNS FROM `tp_invested` [ RunTime:0.001000s ]
SQL: SELECT sum(amount) as sum_amount FROM `tp_invested` WHERE ( lid=53 ) LIMIT 1   [ RunTime:0.001000s ]
SQL: SELECT * FROM `tp_loan` WHERE ( `is_effect` = 1 ) AND ( `is_delete` = 0 ) AND ( `recommend` = 0 ) ORDER BY loan_order DESC,create_time DESC,id DESC LIMIT 4   [ RunTime:0.000000s ]
SQL: SELECT * FROM `tp_invested` WHERE ( `lid` IN ('52','51','50','49') )  [ RunTime:0.002000s ]
NOTIC: [8] Undefined index: count_amount F:\www\p2p222notminsheng\Pc\Lib\Action\IndexAction.class.php 第 90 行.
NOTIC: [8] Undefined index: count_amount F:\www\p2p222notminsheng\Pc\Lib\Action\IndexAction.class.php 第 90 行.
NOTIC: [8] Undefined index: count_amount F:\www\p2p222notminsheng\Pc\Lib\Action\IndexAction.class.php 第 90 行.
NOTIC: [8] Undefined index: count_amount F:\www\p2p222notminsheng\Pc\Lib\Action\IndexAction.class.php 第 90 行.
SQL: SHOW COLUMNS FROM `tp_info` [ RunTime:0.001000s ]
SQL: SELECT * FROM `tp_info` WHERE ( pid=24 ) ORDER BY sort desc,id desc LIMIT 3   [ RunTime:0.026001s ]
SQL: SHOW COLUMNS FROM `tp_product_class` [ RunTime:0.011001s ]
SQL: SELECT * FROM `tp_product_class` ORDER BY class_order DESC,id asc  [ RunTime:0.001000s ]
SQL: SELECT * FROM `tp_info` WHERE ( pid=20 ) ORDER BY sort desc,id desc LIMIT 6   [ RunTime:0.016001s ]
SQL: SELECT * FROM `tp_info` WHERE ( pid=44 ) ORDER BY sort desc,id desc LIMIT 6   [ RunTime:0.005000s ]
SQL: SELECT * FROM `tp_info` WHERE ( pid=29 ) ORDER BY sort desc,id desc LIMIT 3   [ RunTime:0.284016s ]
SQL: SELECT * FROM `tp_info` WHERE ( pid=46 ) ORDER BY sort desc,id desc LIMIT 3   [ RunTime:0.001000s ]
SQL: SELECT * FROM `tp_info` WHERE ( pid=23 ) ORDER BY sort desc,id desc LIMIT 6   [ RunTime:0.005001s ]
SQL: SHOW COLUMNS FROM `tp_ad` [ RunTime:0.021001s ]
SQL: SELECT * FROM `tp_ad` WHERE ( `class_name` = '首页头部幻灯' ) ORDER BY ad_order desc,id desc LIMIT 6   [ RunTime:0.001000s ]
SQL: SELECT * FROM `tp_info` WHERE ( pid=42 ) ORDER BY sort desc,id desc LIMIT 12   [ RunTime:0.000000s ]
SQL: SELECT * FROM `tp_ad` WHERE ( `class_name` = '网站公告幻灯' ) ORDER BY ad_order desc,id desc LIMIT 6   [ RunTime:0.000000s ]
INFO: [ view_parse ] --START--
NOTIC: [8] Undefined variable: i F:\www\p2p222notminsheng\Pc\Runtime\Cache\e0e34c654e072b9995d14d8d20b58d48.php 第 117 行.
NOTIC: [8] Undefined variable: a F:\www\p2p222notminsheng\Pc\Runtime\Cache\e0e34c654e072b9995d14d8d20b58d48.php 第 126 行.
SQL: SHOW COLUMNS FROM `tp_recharge_log` [ RunTime:0.022001s ]
SQL: SELECT count(*) as g,`user_id` FROM `tp_recharge_log` GROUP BY orderID ORDER BY g desc LIMIT 1   [ RunTime:0.115007s ]
NOTIC: [2] fclose() expects exactly 1 parameter, 0 given F:\www\p2p222notminsheng\Pc\Common\Common.php 第 412 行.
NOTIC: [8] Undefined index: user_id F:\www\p2p222notminsheng\Pc\Runtime\Cache\e0e34c654e072b9995d14d8d20b58d48.php 第 199 行.
NOTIC: [8] Undefined index: user_id F:\www\p2p222notminsheng\Pc\Runtime\Cache\e0e34c654e072b9995d14d8d20b58d48.php 第 242 行.
NOTIC: [8] Undefined variable: i F:\www\p2p222notminsheng\Pc\Runtime\Cache\e0e34c654e072b9995d14d8d20b58d48.php 第 392 行.
NOTIC: [8] Undefined index: ad_title F:\www\p2p222notminsheng\Pc\Runtime\Cache\e0e34c654e072b9995d14d8d20b58d48.php 第 478 行.
NOTIC: [8] Undefined index: ad_title F:\www\p2p222notminsheng\Pc\Runtime\Cache\e0e34c654e072b9995d14d8d20b58d48.php 第 478 行.
SQL: SELECT * FROM `tp_info` WHERE (  (`pid` BETWEEN '31' AND '33' ) ) ORDER BY click desc,id desc LIMIT 5   [ RunTime:0.015001s ]
NOTIC: [8] Undefined offset: 1 F:\www\p2p222notminsheng\Pc\Runtime\Cache\e0e34c654e072b9995d14d8d20b58d48.php 第 596 行.
NOTIC: [8] Undefined index: is_change F:\www\p2p222notminsheng\Pc\Runtime\Cache\e0e34c654e072b9995d14d8d20b58d48.php 第 597 行.
SQL: SELECT * FROM `tp_ad` WHERE ( class_name='友情链接' ) ORDER BY ad_order DESC,id DESC  [ RunTime:0.000000s ]
INFO: ParseTemplate Behavior ::run [ RunTime:0.189011s ]
INFO: [ view_parse ] --END-- [ RunTime:0.189011s ]
INFO: [ view_filter ] --START--
INFO: ContentReplace Behavior ::run [ RunTime:0.001000s ]
INFO: TokenBuild Behavior ::run [ RunTime:0.001000s ]
INFO: WriteHtmlCache Behavior ::run [ RunTime:0.000000s ]
INFO: ShowRuntime Behavior ::run [ RunTime:0.000000s ]
INFO: [ view_filter ] --END-- [ RunTime:0.003000s ]
INFO: [ view_end ] --START--
INFO: ShowPageTrace Behavior ::run [ RunTime:0.000000s ]
INFO: [ view_end ] --END-- [ RunTime:0.000000s ]

[ 2018-05-16T17:14:35+08:00 ] 127.0.0.1 /index.php
INFO: [ app_begin ] --START--
INFO: ReadHtmlCache Behavior ::run [ RunTime:0.001000s ]
INFO: [ app_begin ] --END-- [ RunTime:0.001000s ]
NOTIC: [8] A session had already been started - ignoring session_start() F:\www\p2p222notminsheng\TP\Common\functions.php 第 566 行.
SQL: SHOW COLUMNS FROM `tp_loan` [ RunTime:0.002000s ]
SQL: SELECT * FROM `tp_loan` WHERE ( `is_effect` = 1 ) AND ( `is_delete` = 0 ) AND ( `recommend` = 1 ) ORDER BY loan_order DESC,create_time DESC,id DESC LIMIT 1   [ RunTime:0.001000s ]
SQL: SHOW COLUMNS FROM `tp_invested` [ RunTime:0.001000s ]
SQL: SELECT sum(amount) as sum_amount FROM `tp_invested` WHERE ( lid=53 ) LIMIT 1   [ RunTime:0.002000s ]
SQL: SELECT * FROM `tp_loan` WHERE ( `is_effect` = 1 ) AND ( `is_delete` = 0 ) AND ( `recommend` = 0 ) ORDER BY loan_order DESC,create_time DESC,id DESC LIMIT 4   [ RunTime:0.001000s ]
SQL: SELECT * FROM `tp_invested` WHERE ( `lid` IN ('52','51','50','49') )  [ RunTime:0.002000s ]
NOTIC: [8] Undefined index: count_amount F:\www\p2p222notminsheng\Pc\Lib\Action\IndexAction.class.php 第 90 行.
NOTIC: [8] Undefined index: count_amount F:\www\p2p222notminsheng\Pc\Lib\Action\IndexAction.class.php 第 90 行.
NOTIC: [8] Undefined index: count_amount F:\www\p2p222notminsheng\Pc\Lib\Action\IndexAction.class.php 第 90 行.
NOTIC: [8] Undefined index: count_amount F:\www\p2p222notminsheng\Pc\Lib\Action\IndexAction.class.php 第 90 行.
SQL: SHOW COLUMNS FROM `tp_info` [ RunTime:0.001000s ]
SQL: SELECT * FROM `tp_info` WHERE ( pid=24 ) ORDER BY sort desc,id desc LIMIT 3   [ RunTime:0.001000s ]
SQL: SHOW COLUMNS FROM `tp_product_class` [ RunTime:0.001000s ]
SQL: SELECT * FROM `tp_product_class` ORDER BY class_order DESC,id asc  [ RunTime:0.000000s ]
SQL: SELECT * FROM `tp_info` WHERE ( pid=20 ) ORDER BY sort desc,id desc LIMIT 6   [ RunTime:0.001000s ]
SQL: SELECT * FROM `tp_info` WHERE ( pid=44 ) ORDER BY sort desc,id desc LIMIT 6   [ RunTime:0.002000s ]
SQL: SELECT * FROM `tp_info` WHERE ( pid=29 ) ORDER BY sort desc,id desc LIMIT 3   [ RunTime:0.007000s ]
SQL: SELECT * FROM `tp_info` WHERE ( pid=46 ) ORDER BY sort desc,id desc LIMIT 3   [ RunTime:0.000000s ]
SQL: SELECT * FROM `tp_info` WHERE ( pid=23 ) ORDER BY sort desc,id desc LIMIT 6   [ RunTime:0.006000s ]
SQL: SHOW COLUMNS FROM `tp_ad` [ RunTime:0.001000s ]
SQL: SELECT * FROM `tp_ad` WHERE ( `class_name` = '首页头部幻灯' ) ORDER BY ad_order desc,id desc LIMIT 6   [ RunTime:0.001000s ]
SQL: SELECT * FROM `tp_info` WHERE ( pid=42 ) ORDER BY sort desc,id desc LIMIT 12   [ RunTime:0.001000s ]
SQL: SELECT * FROM `tp_ad` WHERE ( `class_name` = '网站公告幻灯' ) ORDER BY ad_order desc,id desc LIMIT 6   [ RunTime:0.000000s ]
INFO: [ view_parse ] --START--
NOTIC: [8] Undefined variable: i F:\www\p2p222notminsheng\Pc\Runtime\Cache\e0e34c654e072b9995d14d8d20b58d48.php 第 117 行.
NOTIC: [8] Undefined variable: a F:\www\p2p222notminsheng\Pc\Runtime\Cache\e0e34c654e072b9995d14d8d20b58d48.php 第 126 行.
SQL: SHOW COLUMNS FROM `tp_recharge_log` [ RunTime:0.001000s ]
SQL: SELECT count(*) as g,`user_id` FROM `tp_recharge_log` GROUP BY orderID ORDER BY g desc LIMIT 1   [ RunTime:0.089005s ]
NOTIC: [2] fclose() expects exactly 1 parameter, 0 given F:\www\p2p222notminsheng\Pc\Common\Common.php 第 412 行.
NOTIC: [8] Undefined index: user_id F:\www\p2p222notminsheng\Pc\Runtime\Cache\e0e34c654e072b9995d14d8d20b58d48.php 第 199 行.
NOTIC: [8] Undefined index: user_id F:\www\p2p222notminsheng\Pc\Runtime\Cache\e0e34c654e072b9995d14d8d20b58d48.php 第 242 行.
NOTIC: [8] Undefined variable: i F:\www\p2p222notminsheng\Pc\Runtime\Cache\e0e34c654e072b9995d14d8d20b58d48.php 第 392 行.
NOTIC: [8] Undefined index: ad_title F:\www\p2p222notminsheng\Pc\Runtime\Cache\e0e34c654e072b9995d14d8d20b58d48.php 第 478 行.
NOTIC: [8] Undefined index: ad_title F:\www\p2p222notminsheng\Pc\Runtime\Cache\e0e34c654e072b9995d14d8d20b58d48.php 第 478 行.
SQL: SELECT * FROM `tp_info` WHERE (  (`pid` BETWEEN '31' AND '33' ) ) ORDER BY click desc,id desc LIMIT 5   [ RunTime:0.001000s ]
NOTIC: [8] Undefined offset: 1 F:\www\p2p222notminsheng\Pc\Runtime\Cache\e0e34c654e072b9995d14d8d20b58d48.php 第 596 行.
NOTIC: [8] Undefined index: is_change F:\www\p2p222notminsheng\Pc\Runtime\Cache\e0e34c654e072b9995d14d8d20b58d48.php 第 597 行.
SQL: SELECT * FROM `tp_ad` WHERE ( class_name='友情链接' ) ORDER BY ad_order DESC,id DESC  [ RunTime:0.001000s ]
INFO: ParseTemplate Behavior ::run [ RunTime:0.130007s ]
INFO: [ view_parse ] --END-- [ RunTime:0.130007s ]
INFO: [ view_filter ] --START--
INFO: ContentReplace Behavior ::run [ RunTime:0.001001s ]
INFO: TokenBuild Behavior ::run [ RunTime:0.001000s ]
INFO: WriteHtmlCache Behavior ::run [ RunTime:0.000000s ]
INFO: ShowRuntime Behavior ::run [ RunTime:0.001000s ]
INFO: [ view_filter ] --END-- [ RunTime:0.003001s ]
INFO: [ view_end ] --START--
INFO: ShowPageTrace Behavior ::run [ RunTime:0.003000s ]
INFO: [ view_end ] --END-- [ RunTime:0.003000s ]

[ 2018-05-16T17:14:48+08:00 ] 127.0.0.1 /index.php/Lottery/
INFO: [ route_check ] --START--
INFO: CheckRoute Behavior ::run [ RunTime:0.001000s ]
INFO: [ route_check ] --END-- [ RunTime:0.001000s ]
INFO: [ app_begin ] --START--
INFO: ReadHtmlCache Behavior ::run [ RunTime:0.001000s ]
INFO: [ app_begin ] --END-- [ RunTime:0.001000s ]
NOTIC: [8] A session had already been started - ignoring session_start() F:\www\p2p222notminsheng\TP\Common\functions.php 第 566 行.
SQL: SHOW COLUMNS FROM `tp_web_user` [ RunTime:0.001000s ]
SQL: SHOW COLUMNS FROM `tp_lt` [ RunTime:0.001000s ]
SQL: SHOW COLUMNS FROM `tp_record` [ RunTime:0.001000s ]
SQL: SELECT * FROM `tp_lt` ORDER BY id asc  [ RunTime:0.001000s ]
SQL: SELECT * FROM `tp_record` ORDER BY create_time DESC,id DESC  [ RunTime:0.001000s ]
SQL: SELECT * FROM `tp_web_user` WHERE ( `id` IN ('170','170','170','190','190','190','193','193','153','153','180','103','103','102','102','101','101','103','102','101','159','159','159','154','154','154','131','131','131','189','189','189','195','195','195','153','193','137','137','137','184','138','184','184','138','138','148','148','148','150','150','150','180','180','151','151','151','110','110','110','215','215','215','115','115','115','136','136','136','135','135','135','139','139','139','212','212','212') )  [ RunTime:0.001000s ]
INFO: [ view_parse ] --START--
NOTIC: [8] Undefined index: user_id F:\www\p2p222notminsheng\Pc\Runtime\Cache\e2cf012f9c97f3ccba5ae5cc0d7dce98.php 第 71 行.
NOTIC: [8] Undefined index: user_id F:\www\p2p222notminsheng\Pc\Runtime\Cache\e2cf012f9c97f3ccba5ae5cc0d7dce98.php 第 166 行.
NOTIC: [8] Undefined variable: session F:\www\p2p222notminsheng\Pc\Runtime\Cache\e2cf012f9c97f3ccba5ae5cc0d7dce98.php 第 227 行.
NOTIC: [8] Undefined variable: user_info F:\www\p2p222notminsheng\Pc\Runtime\Cache\e2cf012f9c97f3ccba5ae5cc0d7dce98.php 第 227 行.
NOTIC: [8] Undefined variable: user_info F:\www\p2p222notminsheng\Pc\Runtime\Cache\e2cf012f9c97f3ccba5ae5cc0d7dce98.php 第 228 行.
NOTIC: [8] Undefined variable: user_info F:\www\p2p222notminsheng\Pc\Runtime\Cache\e2cf012f9c97f3ccba5ae5cc0d7dce98.php 第 228 行.
NOTIC: [8] Undefined variable: address F:\www\p2p222notminsheng\Pc\Runtime\Cache\e2cf012f9c97f3ccba5ae5cc0d7dce98.php 第 233 行.
INFO: ParseTemplate Behavior ::run [ RunTime:0.010001s ]
INFO: [ view_parse ] --END-- [ RunTime:0.010001s ]
INFO: [ view_filter ] --START--
INFO: ContentReplace Behavior ::run [ RunTime:0.001000s ]
INFO: TokenBuild Behavior ::run [ RunTime:0.000000s ]
INFO: WriteHtmlCache Behavior ::run [ RunTime:0.001000s ]
INFO: ShowRuntime Behavior ::run [ RunTime:0.001000s ]
INFO: [ view_filter ] --END-- [ RunTime:0.003000s ]
INFO: [ view_end ] --START--
INFO: ShowPageTrace Behavior ::run [ RunTime:0.001000s ]
INFO: [ view_end ] --END-- [ RunTime:0.001000s ]

[ 2018-05-16T17:14:54+08:00 ] 127.0.0.1 /index.php/user/register.html
INFO: [ route_check ] --START--
INFO: CheckRoute Behavior ::run [ RunTime:0.001000s ]
INFO: [ route_check ] --END-- [ RunTime:0.001000s ]
INFO: [ app_begin ] --START--
INFO: ReadHtmlCache Behavior ::run [ RunTime:0.000000s ]
INFO: [ app_begin ] --END-- [ RunTime:0.000000s ]
NOTIC: [8] A session had already been started - ignoring session_start() F:\www\p2p222notminsheng\TP\Common\functions.php 第 566 行.
SQL: SHOW COLUMNS FROM `tp_web_user` [ RunTime:0.001000s ]
NOTIC: [8] Undefined index: pid F:\www\p2p222notminsheng\Pc\Lib\Action\userAction.class.php 第 37 行.
INFO: [ view_parse ] --START--
NOTIC: [8] Undefined variable: a F:\www\p2p222notminsheng\Pc\Runtime\Cache\5a70ebf32799125adeff8507f39080e5.php 第 87 行.
SQL: SHOW COLUMNS FROM `tp_recharge_log` [ RunTime:0.001000s ]
SQL: SELECT count(*) as g,`user_id` FROM `tp_recharge_log` GROUP BY orderID ORDER BY g desc LIMIT 1   [ RunTime:0.086005s ]
NOTIC: [2] fclose() expects exactly 1 parameter, 0 given F:\www\p2p222notminsheng\Pc\Common\Common.php 第 412 行.
NOTIC: [8] Undefined index: user_id F:\www\p2p222notminsheng\Pc\Runtime\Cache\5a70ebf32799125adeff8507f39080e5.php 第 160 行.
NOTIC: [8] Undefined index: user_id F:\www\p2p222notminsheng\Pc\Runtime\Cache\5a70ebf32799125adeff8507f39080e5.php 第 203 行.
SQL: SHOW COLUMNS FROM `tp_info` [ RunTime:0.001000s ]
SQL: SELECT * FROM `tp_info` WHERE (  (`pid` BETWEEN '31' AND '33' ) ) ORDER BY click desc,id desc LIMIT 5   [ RunTime:0.001000s ]
NOTIC: [8] Undefined offset: 1 F:\www\p2p222notminsheng\Pc\Runtime\Cache\5a70ebf32799125adeff8507f39080e5.php 第 631 行.
NOTIC: [8] Undefined index: is_change F:\www\p2p222notminsheng\Pc\Runtime\Cache\5a70ebf32799125adeff8507f39080e5.php 第 632 行.
SQL: SHOW COLUMNS FROM `tp_ad` [ RunTime:0.002000s ]
SQL: SELECT * FROM `tp_ad` WHERE ( class_name='友情链接' ) ORDER BY ad_order DESC,id DESC  [ RunTime:0.000000s ]
INFO: ParseTemplate Behavior ::run [ RunTime:0.111007s ]
INFO: [ view_parse ] --END-- [ RunTime:0.111007s ]
INFO: [ view_filter ] --START--
INFO: ContentReplace Behavior ::run [ RunTime:0.000000s ]
INFO: TokenBuild Behavior ::run [ RunTime:0.000000s ]
INFO: WriteHtmlCache Behavior ::run [ RunTime:0.001000s ]
INFO: ShowRuntime Behavior ::run [ RunTime:0.000000s ]
INFO: [ view_filter ] --END-- [ RunTime:0.002000s ]
INFO: [ view_end ] --START--
INFO: ShowPageTrace Behavior ::run [ RunTime:0.000000s ]
INFO: [ view_end ] --END-- [ RunTime:0.001000s ]

[ 2018-05-16T17:14:54+08:00 ] 127.0.0.1 /index.php/user/verify
INFO: [ route_check ] --START--
INFO: CheckRoute Behavior ::run [ RunTime:0.001000s ]
INFO: [ route_check ] --END-- [ RunTime:0.001000s ]
INFO: [ app_begin ] --START--
INFO: ReadHtmlCache Behavior ::run [ RunTime:0.000000s ]
INFO: [ app_begin ] --END-- [ RunTime:0.001000s ]
NOTIC: [8] A session had already been started - ignoring session_start() F:\www\p2p222notminsheng\TP\Common\functions.php 第 566 行.
SQL: SHOW COLUMNS FROM `tp_web_user` [ RunTime:0.002000s ]

[ 2018-05-16T17:14:56+08:00 ] 127.0.0.1 /index.php/user/login.html
INFO: [ route_check ] --START--
INFO: CheckRoute Behavior ::run [ RunTime:0.001000s ]
INFO: [ route_check ] --END-- [ RunTime:0.001000s ]
INFO: [ app_begin ] --START--
INFO: ReadHtmlCache Behavior ::run [ RunTime:0.001000s ]
INFO: [ app_begin ] --END-- [ RunTime:0.001000s ]
NOTIC: [8] A session had already been started - ignoring session_start() F:\www\p2p222notminsheng\TP\Common\functions.php 第 566 行.
SQL: SHOW COLUMNS FROM `tp_web_user` [ RunTime:0.001000s ]
SQL: SHOW COLUMNS FROM `tp_web_user_db` [ RunTime:0.000000s ]
ERR: 1146:Table 'tp.tp_web_user_db' doesn't exist
 [ SQL语句 ] : SHOW COLUMNS FROM `tp_web_user_db`
INFO: [ view_parse ] --START--
NOTIC: [8] Undefined variable: a F:\www\p2p222notminsheng\Pc\Runtime\Cache\8ab2d0b59f27105fd10ecfa51cc56882.php 第 45 行.
SQL: SHOW COLUMNS FROM `tp_recharge_log` [ RunTime:0.002000s ]
SQL: SELECT count(*) as g,`user_id` FROM `tp_recharge_log` GROUP BY orderID ORDER BY g desc LIMIT 1   [ RunTime:0.086005s ]
NOTIC: [2] fclose() expects exactly 1 parameter, 0 given F:\www\p2p222notminsheng\Pc\Common\Common.php 第 412 行.
NOTIC: [8] Undefined index: user_id F:\www\p2p222notminsheng\Pc\Runtime\Cache\8ab2d0b59f27105fd10ecfa51cc56882.php 第 118 行.
NOTIC: [8] Undefined index: user_id F:\www\p2p222notminsheng\Pc\Runtime\Cache\8ab2d0b59f27105fd10ecfa51cc56882.php 第 161 行.
SQL: SHOW COLUMNS FROM `tp_info` [ RunTime:0.001000s ]
SQL: SELECT * FROM `tp_info` WHERE (  (`pid` BETWEEN '31' AND '33' ) ) ORDER BY click desc,id desc LIMIT 5   [ RunTime:0.000000s ]
NOTIC: [8] Undefined offset: 1 F:\www\p2p222notminsheng\Pc\Runtime\Cache\8ab2d0b59f27105fd10ecfa51cc56882.php 第 237 行.
NOTIC: [8] Undefined index: is_change F:\www\p2p222notminsheng\Pc\Runtime\Cache\8ab2d0b59f27105fd10ecfa51cc56882.php 第 238 行.
SQL: SHOW COLUMNS FROM `tp_ad` [ RunTime:0.001000s ]
SQL: SELECT * FROM `tp_ad` WHERE ( class_name='友情链接' ) ORDER BY ad_order DESC,id DESC  [ RunTime:0.001000s ]
INFO: ParseTemplate Behavior ::run [ RunTime:0.105006s ]
INFO: [ view_parse ] --END-- [ RunTime:0.105006s ]
INFO: [ view_filter ] --START--
INFO: ContentReplace Behavior ::run [ RunTime:0.001000s ]
INFO: TokenBuild Behavior ::run [ RunTime:0.000000s ]
INFO: WriteHtmlCache Behavior ::run [ RunTime:0.001000s ]
INFO: ShowRuntime Behavior ::run [ RunTime:0.001000s ]
INFO: [ view_filter ] --END-- [ RunTime:0.003000s ]
INFO: [ view_end ] --START--
INFO: ShowPageTrace Behavior ::run [ RunTime:0.001001s ]
INFO: [ view_end ] --END-- [ RunTime:0.001001s ]

[ 2018-05-16T17:14:56+08:00 ] 127.0.0.1 /index.php/user/verify
INFO: [ route_check ] --START--
INFO: CheckRoute Behavior ::run [ RunTime:0.000000s ]
INFO: [ route_check ] --END-- [ RunTime:0.001000s ]
INFO: [ app_begin ] --START--
INFO: ReadHtmlCache Behavior ::run [ RunTime:0.000000s ]
INFO: [ app_begin ] --END-- [ RunTime:0.000000s ]
NOTIC: [8] A session had already been started - ignoring session_start() F:\www\p2p222notminsheng\TP\Common\functions.php 第 566 行.
SQL: SHOW COLUMNS FROM `tp_web_user` [ RunTime:0.001000s ]

[ 2018-05-16T17:15:07+08:00 ] 127.0.0.1 /index.php/user/DoLogin.html
INFO: [ route_check ] --START--
INFO: CheckRoute Behavior ::run [ RunTime:0.001000s ]
INFO: [ route_check ] --END-- [ RunTime:0.001000s ]
INFO: [ app_begin ] --START--
INFO: ReadHtmlCache Behavior ::run [ RunTime:0.001000s ]
INFO: [ app_begin ] --END-- [ RunTime:0.001000s ]
NOTIC: [8] A session had already been started - ignoring session_start() F:\www\p2p222notminsheng\TP\Common\functions.php 第 566 行.
SQL: SHOW COLUMNS FROM `tp_web_user` [ RunTime:0.001000s ]
SQL: SELECT * FROM `tp_web_user` WHERE ( (`user_name` = '18904306102') OR (`email` = '18904306102') OR (`phone` = '18904306102') ) AND ( `user_pwd` = 'e10adc3949ba59abbe56e057f20f883e' ) AND ( `is_delete` = 0 ) LIMIT 1   [ RunTime:0.121007s ]
INFO: [ view_parse ] --START--
NOTIC: [8] Undefined variable: a F:\www\p2p222notminsheng\Pc\Runtime\Cache\21192ab38678b761fe1252e5d7d71b1b.php 第 28 行.
SQL: SHOW COLUMNS FROM `tp_recharge_log` [ RunTime:0.002000s ]
SQL: SELECT count(*) as g,`user_id` FROM `tp_recharge_log` GROUP BY orderID ORDER BY g desc LIMIT 1   [ RunTime:0.084005s ]
NOTIC: [2] fclose() expects exactly 1 parameter, 0 given F:\www\p2p222notminsheng\Pc\Common\Common.php 第 412 行.
NOTIC: [8] Undefined index: user_id F:\www\p2p222notminsheng\Pc\Runtime\Cache\21192ab38678b761fe1252e5d7d71b1b.php 第 101 行.
NOTIC: [8] Undefined index: user_id F:\www\p2p222notminsheng\Pc\Runtime\Cache\21192ab38678b761fe1252e5d7d71b1b.php 第 144 行.
SQL: SHOW COLUMNS FROM `tp_info` [ RunTime:0.001000s ]
SQL: SELECT * FROM `tp_info` WHERE (  (`pid` BETWEEN '31' AND '33' ) ) ORDER BY click desc,id desc LIMIT 5   [ RunTime:0.001000s ]
NOTIC: [8] Undefined offset: 1 F:\www\p2p222notminsheng\Pc\Runtime\Cache\21192ab38678b761fe1252e5d7d71b1b.php 第 194 行.
NOTIC: [8] Undefined index: is_change F:\www\p2p222notminsheng\Pc\Runtime\Cache\21192ab38678b761fe1252e5d7d71b1b.php 第 195 行.
SQL: SHOW COLUMNS FROM `tp_ad` [ RunTime:0.001000s ]
SQL: SELECT * FROM `tp_ad` WHERE ( class_name='友情链接' ) ORDER BY ad_order DESC,id DESC  [ RunTime:0.001000s ]
INFO: ParseTemplate Behavior ::run [ RunTime:0.103006s ]
INFO: [ view_parse ] --END-- [ RunTime:0.103006s ]
INFO: [ view_filter ] --START--
INFO: ContentReplace Behavior ::run [ RunTime:0.001000s ]
INFO: TokenBuild Behavior ::run [ RunTime:0.000000s ]
INFO: WriteHtmlCache Behavior ::run [ RunTime:0.000000s ]
INFO: ShowRuntime Behavior ::run [ RunTime:0.000000s ]
INFO: [ view_filter ] --END-- [ RunTime:0.002000s ]
INFO: [ view_end ] --START--
INFO: ShowPageTrace Behavior ::run [ RunTime:0.001000s ]
INFO: [ view_end ] --END-- [ RunTime:0.001000s ]

[ 2018-05-16T17:15:09+08:00 ] 127.0.0.1 /index.php/user/verify
INFO: [ route_check ] --START--
INFO: CheckRoute Behavior ::run [ RunTime:0.001000s ]
INFO: [ route_check ] --END-- [ RunTime:0.001000s ]
INFO: [ app_begin ] --START--
INFO: ReadHtmlCache Behavior ::run [ RunTime:0.001001s ]
INFO: [ app_begin ] --END-- [ RunTime:0.001001s ]
NOTIC: [8] A session had already been started - ignoring session_start() F:\www\p2p222notminsheng\TP\Common\functions.php 第 566 行.
SQL: SHOW COLUMNS FROM `tp_web_user` [ RunTime:0.001000s ]

[ 2018-05-16T17:15:16+08:00 ] 127.0.0.1 /index.php/Manage/index
INFO: [ route_check ] --START--
INFO: CheckRoute Behavior ::run [ RunTime:0.002000s ]
INFO: [ route_check ] --END-- [ RunTime:0.002000s ]
INFO: [ app_begin ] --START--
INFO: ReadHtmlCache Behavior ::run [ RunTime:0.001000s ]
INFO: [ app_begin ] --END-- [ RunTime:0.001000s ]
NOTIC: [8] A session had already been started - ignoring session_start() F:\www\p2p222notminsheng\TP\Common\functions.php 第 566 行.
ERR: 无法加载模块:Manage

[ 2018-05-16T17:15:20+08:00 ] 127.0.0.1 /index.php/Manage/Index
INFO: [ route_check ] --START--
INFO: CheckRoute Behavior ::run [ RunTime:0.001001s ]
INFO: [ route_check ] --END-- [ RunTime:0.001001s ]
INFO: [ app_begin ] --START--
INFO: ReadHtmlCache Behavior ::run [ RunTime:0.001000s ]
INFO: [ app_begin ] --END-- [ RunTime:0.001000s ]
NOTIC: [8] A session had already been started - ignoring session_start() F:\www\p2p222notminsheng\TP\Common\functions.php 第 566 行.
ERR: 无法加载模块:Manage

[ 2018-05-16T17:20:31+08:00 ] 127.0.0.1 /index.php
INFO: [ app_begin ] --START--
INFO: ReadHtmlCache Behavior ::run [ RunTime:0.001000s ]
INFO: [ app_begin ] --END-- [ RunTime:0.001000s ]
NOTIC: [8] A session had already been started - ignoring session_start() F:\www\p2p222notminsheng\TP\Common\functions.php 第 566 行.
SQL: SHOW COLUMNS FROM `tp_loan` [ RunTime:0.002000s ]
SQL: SELECT * FROM `tp_loan` WHERE ( `is_effect` = 1 ) AND ( `is_delete` = 0 ) AND ( `recommend` = 1 ) ORDER BY loan_order DESC,create_time DESC,id DESC LIMIT 1   [ RunTime:0.001000s ]
SQL: SHOW COLUMNS FROM `tp_invested` [ RunTime:0.001000s ]
SQL: SELECT sum(amount) as sum_amount FROM `tp_invested` WHERE ( lid=53 ) LIMIT 1   [ RunTime:0.001000s ]
SQL: SELECT * FROM `tp_loan` WHERE ( `is_effect` = 1 ) AND ( `is_delete` = 0 ) AND ( `recommend` = 0 ) ORDER BY loan_order DESC,create_time DESC,id DESC LIMIT 4   [ RunTime:0.001000s ]
SQL: SELECT * FROM `tp_invested` WHERE ( `lid` IN ('52','51','50','49') )  [ RunTime:0.001000s ]
NOTIC: [8] Undefined index: count_amount F:\www\p2p222notminsheng\Pc\Lib\Action\IndexAction.class.php 第 90 行.
NOTIC: [8] Undefined index: count_amount F:\www\p2p222notminsheng\Pc\Lib\Action\IndexAction.class.php 第 90 行.
NOTIC: [8] Undefined index: count_amount F:\www\p2p222notminsheng\Pc\Lib\Action\IndexAction.class.php 第 90 行.
NOTIC: [8] Undefined index: count_amount F:\www\p2p222notminsheng\Pc\Lib\Action\IndexAction.class.php 第 90 行.
SQL: SHOW COLUMNS FROM `tp_info` [ RunTime:0.002000s ]
SQL: SELECT * FROM `tp_info` WHERE ( pid=24 ) ORDER BY sort desc,id desc LIMIT 3   [ RunTime:0.001000s ]
SQL: SHOW COLUMNS FROM `tp_product_class` [ RunTime:0.003000s ]
SQL: SELECT * FROM `tp_product_class` ORDER BY class_order DESC,id asc  [ RunTime:0.000000s ]
SQL: SELECT * FROM `tp_info` WHERE ( pid=20 ) ORDER BY sort desc,id desc LIMIT 6   [ RunTime:0.000000s ]
SQL: SELECT * FROM `tp_info` WHERE ( pid=44 ) ORDER BY sort desc,id desc LIMIT 6   [ RunTime:0.001000s ]
SQL: SELECT * FROM `tp_info` WHERE ( pid=29 ) ORDER BY sort desc,id desc LIMIT 3   [ RunTime:0.007000s ]
SQL: SELECT * FROM `tp_info` WHERE ( pid=46 ) ORDER BY sort desc,id desc LIMIT 3   [ RunTime:0.000000s ]
SQL: SELECT * FROM `tp_info` WHERE ( pid=23 ) ORDER BY sort desc,id desc LIMIT 6   [ RunTime:0.005000s ]
SQL: SHOW COLUMNS FROM `tp_ad` [ RunTime:0.002000s ]
SQL: SELECT * FROM `tp_ad` WHERE ( `class_name` = '首页头部幻灯' ) ORDER BY ad_order desc,id desc LIMIT 6   [ RunTime:0.001000s ]
SQL: SELECT * FROM `tp_info` WHERE ( pid=42 ) ORDER BY sort desc,id desc LIMIT 12   [ RunTime:0.001000s ]
SQL: SELECT * FROM `tp_ad` WHERE ( `class_name` = '网站公告幻灯' ) ORDER BY ad_order desc,id desc LIMIT 6   [ RunTime:0.000000s ]
INFO: [ view_parse ] --START--
NOTIC: [8] Undefined variable: i F:\www\p2p222notminsheng\Pc\Runtime\Cache\e0e34c654e072b9995d14d8d20b58d48.php 第 117 行.
NOTIC: [8] Undefined variable: a F:\www\p2p222notminsheng\Pc\Runtime\Cache\e0e34c654e072b9995d14d8d20b58d48.php 第 126 行.
SQL: SHOW COLUMNS FROM `tp_recharge_log` [ RunTime:0.001000s ]
SQL: SELECT count(*) as g,`user_id` FROM `tp_recharge_log` GROUP BY orderID ORDER BY g desc LIMIT 1   [ RunTime:0.085005s ]
NOTIC: [2] fclose() expects exactly 1 parameter, 0 given F:\www\p2p222notminsheng\Pc\Common\Common.php 第 412 行.
NOTIC: [8] Undefined index: user_id F:\www\p2p222notminsheng\Pc\Runtime\Cache\e0e34c654e072b9995d14d8d20b58d48.php 第 199 行.
NOTIC: [8] Undefined index: user_id F:\www\p2p222notminsheng\Pc\Runtime\Cache\e0e34c654e072b9995d14d8d20b58d48.php 第 242 行.
NOTIC: [8] Undefined variable: i F:\www\p2p222notminsheng\Pc\Runtime\Cache\e0e34c654e072b9995d14d8d20b58d48.php 第 392 行.
NOTIC: [8] Undefined index: ad_title F:\www\p2p222notminsheng\Pc\Runtime\Cache\e0e34c654e072b9995d14d8d20b58d48.php 第 478 行.
NOTIC: [8] Undefined index: ad_title F:\www\p2p222notminsheng\Pc\Runtime\Cache\e0e34c654e072b9995d14d8d20b58d48.php 第 478 行.
SQL: SELECT * FROM `tp_info` WHERE (  (`pid` BETWEEN '31' AND '33' ) ) ORDER BY click desc,id desc LIMIT 5   [ RunTime:0.001001s ]
NOTIC: [8] Undefined offset: 1 F:\www\p2p222notminsheng\Pc\Runtime\Cache\e0e34c654e072b9995d14d8d20b58d48.php 第 596 行.
NOTIC: [8] Undefined index: is_change F:\www\p2p222notminsheng\Pc\Runtime\Cache\e0e34c654e072b9995d14d8d20b58d48.php 第 597 行.
SQL: SELECT * FROM `tp_ad` WHERE ( class_name='友情链接' ) ORDER BY ad_order DESC,id DESC  [ RunTime:0.000000s ]
INFO: ParseTemplate Behavior ::run [ RunTime:0.123007s ]
INFO: [ view_parse ] --END-- [ RunTime:0.123007s ]
INFO: [ view_filter ] --START--
INFO: ContentReplace Behavior ::run [ RunTime:0.001000s ]
INFO: TokenBuild Behavior ::run [ RunTime:0.001000s ]
INFO: WriteHtmlCache Behavior ::run [ RunTime:0.000000s ]
INFO: ShowRuntime Behavior ::run [ RunTime:0.001000s ]
INFO: [ view_filter ] --END-- [ RunTime:0.003000s ]
INFO: [ view_end ] --START--
INFO: ShowPageTrace Behavior ::run [ RunTime:0.001000s ]
INFO: [ view_end ] --END-- [ RunTime:0.001000s ]

[ 2018-05-16T17:21:51+08:00 ] 127.0.0.1 /index.php/Lottery
INFO: [ route_check ] --START--
INFO: CheckRoute Behavior ::run [ RunTime:0.001000s ]
INFO: [ route_check ] --END-- [ RunTime:0.001000s ]
INFO: [ app_begin ] --START--
INFO: ReadHtmlCache Behavior ::run [ RunTime:0.000000s ]
INFO: [ app_begin ] --END-- [ RunTime:0.000000s ]
NOTIC: [8] A session had already been started - ignoring session_start() F:\www\p2p222notminsheng\TP\Common\functions.php 第 566 行.
SQL: SHOW COLUMNS FROM `tp_web_user` [ RunTime:0.001000s ]
SQL: SHOW COLUMNS FROM `tp_lt` [ RunTime:0.001000s ]
SQL: SHOW COLUMNS FROM `tp_record` [ RunTime:0.001000s ]
SQL: SELECT * FROM `tp_lt` ORDER BY id asc  [ RunTime:0.001000s ]
SQL: SELECT * FROM `tp_record` ORDER BY create_time DESC,id DESC  [ RunTime:0.000000s ]
SQL: SELECT * FROM `tp_web_user` WHERE ( `id` IN ('170','170','170','190','190','190','193','193','153','153','180','103','103','102','102','101','101','103','102','101','159','159','159','154','154','154','131','131','131','189','189','189','195','195','195','153','193','137','137','137','184','138','184','184','138','138','148','148','148','150','150','150','180','180','151','151','151','110','110','110','215','215','215','115','115','115','136','136','136','135','135','135','139','139','139','212','212','212') )  [ RunTime:0.001000s ]
INFO: [ view_parse ] --START--
NOTIC: [8] Undefined index: user_id F:\www\p2p222notminsheng\Pc\Runtime\Cache\e2cf012f9c97f3ccba5ae5cc0d7dce98.php 第 71 行.
NOTIC: [8] Undefined index: user_id F:\www\p2p222notminsheng\Pc\Runtime\Cache\e2cf012f9c97f3ccba5ae5cc0d7dce98.php 第 166 行.
NOTIC: [8] Undefined variable: session F:\www\p2p222notminsheng\Pc\Runtime\Cache\e2cf012f9c97f3ccba5ae5cc0d7dce98.php 第 227 行.
NOTIC: [8] Undefined variable: user_info F:\www\p2p222notminsheng\Pc\Runtime\Cache\e2cf012f9c97f3ccba5ae5cc0d7dce98.php 第 227 行.
NOTIC: [8] Undefined variable: user_info F:\www\p2p222notminsheng\Pc\Runtime\Cache\e2cf012f9c97f3ccba5ae5cc0d7dce98.php 第 228 行.
NOTIC: [8] Undefined variable: user_info F:\www\p2p222notminsheng\Pc\Runtime\Cache\e2cf012f9c97f3ccba5ae5cc0d7dce98.php 第 228 行.
NOTIC: [8] Undefined variable: address F:\www\p2p222notminsheng\Pc\Runtime\Cache\e2cf012f9c97f3ccba5ae5cc0d7dce98.php 第 233 行.
INFO: ParseTemplate Behavior ::run [ RunTime:0.010001s ]
INFO: [ view_parse ] --END-- [ RunTime:0.010001s ]
INFO: [ view_filter ] --START--
INFO: ContentReplace Behavior ::run [ RunTime:0.000000s ]
INFO: TokenBuild Behavior ::run [ RunTime:0.001000s ]
INFO: WriteHtmlCache Behavior ::run [ RunTime:0.001000s ]
INFO: ShowRuntime Behavior ::run [ RunTime:0.000000s ]
INFO: [ view_filter ] --END-- [ RunTime:0.002000s ]
INFO: [ view_end ] --START--
INFO: ShowPageTrace Behavior ::run [ RunTime:0.000000s ]
INFO: [ view_end ] --END-- [ RunTime:0.000000s ]

