[ 2018-05-16T17:15:29+08:00 ] 127.0.0.1 /manage.php
INFO: [ app_begin ] --START--
INFO: ReadHtmlCache Behavior ::run [ RunTime:0.000000s ]
INFO: [ app_begin ] --END-- [ RunTime:0.000000s ]

[ 2018-05-16T17:15:29+08:00 ] 127.0.0.1 /manage.php/Login/Index
INFO: [ route_check ] --START--
INFO: CheckRoute Behavior ::run [ RunTime:0.001000s ]
INFO: [ route_check ] --END-- [ RunTime:0.001000s ]
INFO: [ app_begin ] --START--
INFO: ReadHtmlCache Behavior ::run [ RunTime:0.001000s ]
INFO: [ app_begin ] --END-- [ RunTime:0.001000s ]
INFO: [ view_parse ] --START--
INFO: ParseTemplate Behavior ::run [ RunTime:0.006001s ]
INFO: [ view_parse ] --END-- [ RunTime:0.006001s ]
INFO: [ view_filter ] --START--
INFO: ContentReplace Behavior ::run [ RunTime:0.001000s ]
INFO: TokenBuild Behavior ::run [ RunTime:0.000000s ]
INFO: WriteHtmlCache Behavior ::run [ RunTime:0.001000s ]
INFO: ShowRuntime Behavior ::run [ RunTime:0.000000s ]
INFO: [ view_filter ] --END-- [ RunTime:0.002000s ]
INFO: [ view_end ] --START--
INFO: ShowPageTrace Behavior ::run [ RunTime:0.001000s ]
INFO: [ view_end ] --END-- [ RunTime:0.001000s ]

[ 2018-05-16T17:16:09+08:00 ] 127.0.0.1 /manage.php/Login/login
INFO: [ route_check ] --START--
INFO: CheckRoute Behavior ::run [ RunTime:0.000000s ]
INFO: [ route_check ] --END-- [ RunTime:0.001000s ]
INFO: [ app_begin ] --START--
INFO: ReadHtmlCache Behavior ::run [ RunTime:0.000000s ]
INFO: [ app_begin ] --END-- [ RunTime:0.000000s ]
SQL: SHOW COLUMNS FROM `tp_user` [ RunTime:0.050002s ]
SQL: SELECT * FROM `tp_user` WHERE ( `username` = 'jinyongbofa' ) LIMIT 1   [ RunTime:0.000000s ]
INFO: [ view_parse ] --START--
INFO: ParseTemplate Behavior ::run [ RunTime:0.005001s ]
INFO: [ view_parse ] --END-- [ RunTime:0.006001s ]
INFO: [ view_filter ] --START--
INFO: ContentReplace Behavior ::run [ RunTime:0.000000s ]
INFO: TokenBuild Behavior ::run [ RunTime:0.001000s ]
INFO: WriteHtmlCache Behavior ::run [ RunTime:0.000000s ]
INFO: ShowRuntime Behavior ::run [ RunTime:0.001000s ]
INFO: [ view_filter ] --END-- [ RunTime:0.002000s ]
INFO: [ view_end ] --START--
INFO: ShowPageTrace Behavior ::run [ RunTime:0.000000s ]
INFO: [ view_end ] --END-- [ RunTime:0.000000s ]

[ 2018-05-16T17:16:27+08:00 ] 127.0.0.1 /manage.php/Login/login
INFO: [ route_check ] --START--
INFO: CheckRoute Behavior ::run [ RunTime:0.001000s ]
INFO: [ route_check ] --END-- [ RunTime:0.001000s ]
INFO: [ app_begin ] --START--
INFO: ReadHtmlCache Behavior ::run [ RunTime:0.000000s ]
INFO: [ app_begin ] --END-- [ RunTime:0.001000s ]
SQL: SHOW COLUMNS FROM `tp_user` [ RunTime:0.001000s ]
SQL: SELECT * FROM `tp_user` WHERE ( `username` = 'admin' ) LIMIT 1   [ RunTime:0.000000s ]
INFO: [ view_parse ] --START--
INFO: ParseTemplate Behavior ::run [ RunTime:0.005001s ]
INFO: [ view_parse ] --END-- [ RunTime:0.005001s ]
INFO: [ view_filter ] --START--
INFO: ContentReplace Behavior ::run [ RunTime:0.001000s ]
INFO: TokenBuild Behavior ::run [ RunTime:0.000000s ]
INFO: WriteHtmlCache Behavior ::run [ RunTime:0.001000s ]
INFO: ShowRuntime Behavior ::run [ RunTime:0.000000s ]
INFO: [ view_filter ] --END-- [ RunTime:0.002000s ]
INFO: [ view_end ] --START--
INFO: ShowPageTrace Behavior ::run [ RunTime:0.001000s ]
INFO: [ view_end ] --END-- [ RunTime:0.001000s ]

[ 2018-05-16T17:16:32+08:00 ] 127.0.0.1 /manage.php/Login/login
INFO: [ route_check ] --START--
INFO: CheckRoute Behavior ::run [ RunTime:0.001000s ]
INFO: [ route_check ] --END-- [ RunTime:0.001000s ]
INFO: [ app_begin ] --START--
INFO: ReadHtmlCache Behavior ::run [ RunTime:0.001000s ]
INFO: [ app_begin ] --END-- [ RunTime:0.001000s ]
SQL: SHOW COLUMNS FROM `tp_user` [ RunTime:0.001000s ]
SQL: SELECT * FROM `tp_user` WHERE ( `username` = 'admin' ) LIMIT 1   [ RunTime:0.000000s ]
SQL: UPDATE `tp_user` SET `logintime`=1526462192,`loginip`='127.0.0.1' WHERE ( `id` = 1 ) [ RunTime:0.001000s ]
NOTIC: [8] Undefined variable: insert F:\www\p2p222notminsheng\Manage\Lib\Action\LoginAction.class.php 第 35 行.
SQL: SELECT * FROM `tp_user` WHERE ( id =  ) LIMIT 1   [ RunTime:0.000000s ]
ERR: 1064:You have an error in your SQL syntax; check the manual that corresponds to your MySQL server version for the right syntax to use near ') LIMIT 1' at line 1
 [ SQL语句 ] : SELECT * FROM `tp_user` WHERE ( id =  ) LIMIT 1  
SQL: SHOW COLUMNS FROM `tp_msg_box` [ RunTime:0.018001s ]
SQL: INSERT INTO `tp_msg_box` (`title`,`content`,`user_id`,`create_time`,`type`,`web_status`,`sql`) VALUES ('登录成功','【后台用户：admin】登录成功。','1',1526462192,2,2,'UPDATE `tp_user` SET `logintime`=1526462192,`loginip`=\'127.0.0.1\' WHERE ( `id` = 1 )') [ RunTime:0.027002s ]

[ 2018-05-16T17:16:33+08:00 ] 127.0.0.1 /manage.php/Index/Index
INFO: [ route_check ] --START--
INFO: CheckRoute Behavior ::run [ RunTime:0.001000s ]
INFO: [ route_check ] --END-- [ RunTime:0.001000s ]
INFO: [ app_begin ] --START--
INFO: ReadHtmlCache Behavior ::run [ RunTime:0.000000s ]
INFO: [ app_begin ] --END-- [ RunTime:0.000000s ]
SQL: SHOW COLUMNS FROM `tp_user` [ RunTime:0.001000s ]
INFO: [ view_parse ] --START--
INFO: ParseTemplate Behavior ::run [ RunTime:0.006000s ]
INFO: [ view_parse ] --END-- [ RunTime:0.006000s ]
INFO: [ view_filter ] --START--
INFO: ContentReplace Behavior ::run [ RunTime:0.000000s ]
INFO: TokenBuild Behavior ::run [ RunTime:0.001000s ]
INFO: WriteHtmlCache Behavior ::run [ RunTime:0.000000s ]
INFO: ShowRuntime Behavior ::run [ RunTime:0.001000s ]
INFO: [ view_filter ] --END-- [ RunTime:0.002000s ]
INFO: [ view_end ] --START--
INFO: ShowPageTrace Behavior ::run [ RunTime:0.001000s ]
INFO: [ view_end ] --END-- [ RunTime:0.001000s ]

[ 2018-05-16T17:16:33+08:00 ] 127.0.0.1 /manage.php/Index/Head
INFO: [ route_check ] --START--
INFO: CheckRoute Behavior ::run [ RunTime:0.001000s ]
INFO: [ route_check ] --END-- [ RunTime:0.001000s ]
INFO: [ app_begin ] --START--
INFO: ReadHtmlCache Behavior ::run [ RunTime:0.001000s ]
INFO: [ app_begin ] --END-- [ RunTime:0.001000s ]
SQL: SHOW COLUMNS FROM `tp_user` [ RunTime:0.001000s ]
NOTIC: [8] Constant THEME_NAME already defined F:\www\p2p222notminsheng\TP\Lib\Core\View.class.php 第 223 行.
NOTIC: [8] Constant THEME_PATH already defined F:\www\p2p222notminsheng\TP\Lib\Core\View.class.php 第 174 行.
NOTIC: [8] Constant APP_TMPL_PATH already defined F:\www\p2p222notminsheng\TP\Lib\Core\View.class.php 第 175 行.
INFO: [ view_parse ] --START--
INFO: ParseTemplate Behavior ::run [ RunTime:0.006001s ]
INFO: [ view_parse ] --END-- [ RunTime:0.006001s ]
INFO: [ view_filter ] --START--
INFO: ContentReplace Behavior ::run [ RunTime:0.000000s ]
INFO: TokenBuild Behavior ::run [ RunTime:0.001000s ]
INFO: WriteHtmlCache Behavior ::run [ RunTime:0.000000s ]
INFO: ShowRuntime Behavior ::run [ RunTime:0.000000s ]
INFO: [ view_filter ] --END-- [ RunTime:0.001000s ]
INFO: [ view_end ] --START--
INFO: ShowPageTrace Behavior ::run [ RunTime:0.000000s ]
INFO: [ view_end ] --END-- [ RunTime:0.000000s ]

[ 2018-05-16T17:16:33+08:00 ] 127.0.0.1 /manage.php/Index/Menu
INFO: [ route_check ] --START--
INFO: CheckRoute Behavior ::run [ RunTime:0.000000s ]
INFO: [ route_check ] --END-- [ RunTime:0.001001s ]
INFO: [ app_begin ] --START--
INFO: ReadHtmlCache Behavior ::run [ RunTime:0.001000s ]
INFO: [ app_begin ] --END-- [ RunTime:0.001000s ]
SQL: SHOW COLUMNS FROM `tp_user` [ RunTime:0.001001s ]
SQL: SHOW COLUMNS FROM `tp_node` [ RunTime:0.022001s ]
SQL: SHOW COLUMNS FROM `tp_role_user` [ RunTime:0.057003s ]
SQL: SHOW COLUMNS FROM `tp_access` [ RunTime:0.040002s ]
SQL: SELECT `role_id` FROM `tp_role_user` WHERE ( user_id = 1 )  [ RunTime:0.071004s ]
NOTIC: [2] implode() [<a href='function.implode'>function.implode</a>]: Invalid arguments passed F:\www\p2p222notminsheng\TP\Lib\Core\Db.class.php 第 497 行.
SQL: SELECT * FROM `tp_access` WHERE ( `role_id` IN () )  [ RunTime:0.000000s ]
ERR: 1064:You have an error in your SQL syntax; check the manual that corresponds to your MySQL server version for the right syntax to use near ') )' at line 1
 [ SQL语句 ] : SELECT * FROM `tp_access` WHERE ( `role_id` IN () ) 
NOTIC: [2] Invalid argument supplied for foreach() F:\www\p2p222notminsheng\Manage\Lib\Action\IndexAction.class.php 第 53 行.
SQL: SELECT * FROM `tp_node` WHERE ( `id` IN () ) AND ( `pid` = 5 ) ORDER BY id ASC  [ RunTime:0.000000s ]
ERR: 1064:You have an error in your SQL syntax; check the manual that corresponds to your MySQL server version for the right syntax to use near ') ) AND ( `pid` = 5 ) ORDER BY id ASC' at line 1
 [ SQL语句 ] : SELECT * FROM `tp_node` WHERE ( `id` IN () ) AND ( `pid` = 5 ) ORDER BY id ASC 
NOTIC: [2] Invalid argument supplied for foreach() F:\www\p2p222notminsheng\Manage\Lib\Action\IndexAction.class.php 第 59 行.
SQL: SELECT * FROM `tp_node` WHERE ( `pid` IN () ) ORDER BY id ASC  [ RunTime:0.000000s ]
ERR: 1064:You have an error in your SQL syntax; check the manual that corresponds to your MySQL server version for the right syntax to use near ') ) ORDER BY id ASC' at line 1
 [ SQL语句 ] : SELECT * FROM `tp_node` WHERE ( `pid` IN () ) ORDER BY id ASC 
NOTIC: [2] Invalid argument supplied for foreach() F:\www\p2p222notminsheng\Manage\Lib\Action\IndexAction.class.php 第 65 行.
NOTIC: [2] Invalid argument supplied for foreach() F:\www\p2p222notminsheng\Manage\Lib\Action\IndexAction.class.php 第 74 行.
INFO: [ view_parse ] --START--
NOTIC: [8] Undefined variable: uri_ar F:\www\p2p222notminsheng\Manage\Runtime\Cache\7bf772ac053b47c08e01e1799e554713.php 第 37 行.
NOTIC: [2] in_array() expects parameter 2 to be array, null given F:\www\p2p222notminsheng\Manage\Runtime\Cache\7bf772ac053b47c08e01e1799e554713.php 第 37 行.
NOTIC: [8] Undefined variable: uri_ar F:\www\p2p222notminsheng\Manage\Runtime\Cache\7bf772ac053b47c08e01e1799e554713.php 第 45 行.
NOTIC: [2] in_array() expects parameter 2 to be array, null given F:\www\p2p222notminsheng\Manage\Runtime\Cache\7bf772ac053b47c08e01e1799e554713.php 第 45 行.
NOTIC: [8] Undefined variable: uri_ar F:\www\p2p222notminsheng\Manage\Runtime\Cache\7bf772ac053b47c08e01e1799e554713.php 第 53 行.
NOTIC: [2] in_array() expects parameter 2 to be array, null given F:\www\p2p222notminsheng\Manage\Runtime\Cache\7bf772ac053b47c08e01e1799e554713.php 第 53 行.
NOTIC: [8] Undefined variable: uri_ar F:\www\p2p222notminsheng\Manage\Runtime\Cache\7bf772ac053b47c08e01e1799e554713.php 第 61 行.
NOTIC: [2] in_array() expects parameter 2 to be array, null given F:\www\p2p222notminsheng\Manage\Runtime\Cache\7bf772ac053b47c08e01e1799e554713.php 第 61 行.
NOTIC: [8] Undefined variable: uri_ar F:\www\p2p222notminsheng\Manage\Runtime\Cache\7bf772ac053b47c08e01e1799e554713.php 第 69 行.
NOTIC: [2] in_array() expects parameter 2 to be array, null given F:\www\p2p222notminsheng\Manage\Runtime\Cache\7bf772ac053b47c08e01e1799e554713.php 第 69 行.
NOTIC: [8] Undefined variable: uri_ar F:\www\p2p222notminsheng\Manage\Runtime\Cache\7bf772ac053b47c08e01e1799e554713.php 第 88 行.
NOTIC: [2] in_array() expects parameter 2 to be array, null given F:\www\p2p222notminsheng\Manage\Runtime\Cache\7bf772ac053b47c08e01e1799e554713.php 第 88 行.
NOTIC: [8] Undefined variable: uri_ar F:\www\p2p222notminsheng\Manage\Runtime\Cache\7bf772ac053b47c08e01e1799e554713.php 第 96 行.
NOTIC: [2] in_array() expects parameter 2 to be array, null given F:\www\p2p222notminsheng\Manage\Runtime\Cache\7bf772ac053b47c08e01e1799e554713.php 第 96 行.
NOTIC: [8] Undefined variable: uri_ar F:\www\p2p222notminsheng\Manage\Runtime\Cache\7bf772ac053b47c08e01e1799e554713.php 第 116 行.
NOTIC: [2] in_array() expects parameter 2 to be array, null given F:\www\p2p222notminsheng\Manage\Runtime\Cache\7bf772ac053b47c08e01e1799e554713.php 第 116 行.
NOTIC: [8] Undefined variable: uri_ar F:\www\p2p222notminsheng\Manage\Runtime\Cache\7bf772ac053b47c08e01e1799e554713.php 第 124 行.
NOTIC: [2] in_array() expects parameter 2 to be array, null given F:\www\p2p222notminsheng\Manage\Runtime\Cache\7bf772ac053b47c08e01e1799e554713.php 第 124 行.
NOTIC: [8] Undefined variable: uri_ar F:\www\p2p222notminsheng\Manage\Runtime\Cache\7bf772ac053b47c08e01e1799e554713.php 第 138 行.
NOTIC: [2] in_array() expects parameter 2 to be array, null given F:\www\p2p222notminsheng\Manage\Runtime\Cache\7bf772ac053b47c08e01e1799e554713.php 第 138 行.
NOTIC: [8] Undefined variable: uri_ar F:\www\p2p222notminsheng\Manage\Runtime\Cache\7bf772ac053b47c08e01e1799e554713.php 第 164 行.
NOTIC: [2] in_array() expects parameter 2 to be array, null given F:\www\p2p222notminsheng\Manage\Runtime\Cache\7bf772ac053b47c08e01e1799e554713.php 第 164 行.
NOTIC: [8] Undefined variable: uri_ar F:\www\p2p222notminsheng\Manage\Runtime\Cache\7bf772ac053b47c08e01e1799e554713.php 第 172 行.
NOTIC: [2] in_array() expects parameter 2 to be array, null given F:\www\p2p222notminsheng\Manage\Runtime\Cache\7bf772ac053b47c08e01e1799e554713.php 第 172 行.
NOTIC: [8] Undefined variable: uri_ar F:\www\p2p222notminsheng\Manage\Runtime\Cache\7bf772ac053b47c08e01e1799e554713.php 第 180 行.
NOTIC: [2] in_array() expects parameter 2 to be array, null given F:\www\p2p222notminsheng\Manage\Runtime\Cache\7bf772ac053b47c08e01e1799e554713.php 第 180 行.
NOTIC: [8] Undefined variable: uri_ar F:\www\p2p222notminsheng\Manage\Runtime\Cache\7bf772ac053b47c08e01e1799e554713.php 第 188 行.
NOTIC: [2] in_array() expects parameter 2 to be array, null given F:\www\p2p222notminsheng\Manage\Runtime\Cache\7bf772ac053b47c08e01e1799e554713.php 第 188 行.
NOTIC: [8] Undefined variable: uri_ar F:\www\p2p222notminsheng\Manage\Runtime\Cache\7bf772ac053b47c08e01e1799e554713.php 第 196 行.
NOTIC: [2] in_array() expects parameter 2 to be array, null given F:\www\p2p222notminsheng\Manage\Runtime\Cache\7bf772ac053b47c08e01e1799e554713.php 第 196 行.
NOTIC: [8] Undefined variable: uri_ar F:\www\p2p222notminsheng\Manage\Runtime\Cache\7bf772ac053b47c08e01e1799e554713.php 第 206 行.
NOTIC: [2] in_array() expects parameter 2 to be array, null given F:\www\p2p222notminsheng\Manage\Runtime\Cache\7bf772ac053b47c08e01e1799e554713.php 第 206 行.
NOTIC: [8] Undefined variable: uri_ar F:\www\p2p222notminsheng\Manage\Runtime\Cache\7bf772ac053b47c08e01e1799e554713.php 第 240 行.
NOTIC: [2] in_array() expects parameter 2 to be array, null given F:\www\p2p222notminsheng\Manage\Runtime\Cache\7bf772ac053b47c08e01e1799e554713.php 第 240 行.
NOTIC: [8] Undefined variable: uri_ar F:\www\p2p222notminsheng\Manage\Runtime\Cache\7bf772ac053b47c08e01e1799e554713.php 第 248 行.
NOTIC: [2] in_array() expects parameter 2 to be array, null given F:\www\p2p222notminsheng\Manage\Runtime\Cache\7bf772ac053b47c08e01e1799e554713.php 第 248 行.
NOTIC: [8] Undefined variable: uri_ar F:\www\p2p222notminsheng\Manage\Runtime\Cache\7bf772ac053b47c08e01e1799e554713.php 第 256 行.
NOTIC: [2] in_array() expects parameter 2 to be array, null given F:\www\p2p222notminsheng\Manage\Runtime\Cache\7bf772ac053b47c08e01e1799e554713.php 第 256 行.
NOTIC: [8] Undefined variable: uri_ar F:\www\p2p222notminsheng\Manage\Runtime\Cache\7bf772ac053b47c08e01e1799e554713.php 第 265 行.
NOTIC: [2] in_array() expects parameter 2 to be array, null given F:\www\p2p222notminsheng\Manage\Runtime\Cache\7bf772ac053b47c08e01e1799e554713.php 第 265 行.
NOTIC: [8] Undefined variable: uri_ar F:\www\p2p222notminsheng\Manage\Runtime\Cache\7bf772ac053b47c08e01e1799e554713.php 第 274 行.
NOTIC: [2] in_array() expects parameter 2 to be array, null given F:\www\p2p222notminsheng\Manage\Runtime\Cache\7bf772ac053b47c08e01e1799e554713.php 第 274 行.
NOTIC: [8] Undefined variable: uri_ar F:\www\p2p222notminsheng\Manage\Runtime\Cache\7bf772ac053b47c08e01e1799e554713.php 第 282 行.
NOTIC: [2] in_array() expects parameter 2 to be array, null given F:\www\p2p222notminsheng\Manage\Runtime\Cache\7bf772ac053b47c08e01e1799e554713.php 第 282 行.
NOTIC: [8] Undefined variable: uri_ar F:\www\p2p222notminsheng\Manage\Runtime\Cache\7bf772ac053b47c08e01e1799e554713.php 第 302 行.
NOTIC: [2] in_array() expects parameter 2 to be array, null given F:\www\p2p222notminsheng\Manage\Runtime\Cache\7bf772ac053b47c08e01e1799e554713.php 第 302 行.
NOTIC: [8] Undefined variable: uri_ar F:\www\p2p222notminsheng\Manage\Runtime\Cache\7bf772ac053b47c08e01e1799e554713.php 第 310 行.
NOTIC: [2] in_array() expects parameter 2 to be array, null given F:\www\p2p222notminsheng\Manage\Runtime\Cache\7bf772ac053b47c08e01e1799e554713.php 第 310 行.
NOTIC: [8] Undefined variable: uri_ar F:\www\p2p222notminsheng\Manage\Runtime\Cache\7bf772ac053b47c08e01e1799e554713.php 第 318 行.
NOTIC: [2] in_array() expects parameter 2 to be array, null given F:\www\p2p222notminsheng\Manage\Runtime\Cache\7bf772ac053b47c08e01e1799e554713.php 第 318 行.
NOTIC: [8] Undefined variable: uri_ar F:\www\p2p222notminsheng\Manage\Runtime\Cache\7bf772ac053b47c08e01e1799e554713.php 第 338 行.
NOTIC: [2] in_array() expects parameter 2 to be array, null given F:\www\p2p222notminsheng\Manage\Runtime\Cache\7bf772ac053b47c08e01e1799e554713.php 第 338 行.
NOTIC: [8] Undefined variable: uri_ar F:\www\p2p222notminsheng\Manage\Runtime\Cache\7bf772ac053b47c08e01e1799e554713.php 第 346 行.
NOTIC: [2] in_array() expects parameter 2 to be array, null given F:\www\p2p222notminsheng\Manage\Runtime\Cache\7bf772ac053b47c08e01e1799e554713.php 第 346 行.
NOTIC: [8] Undefined variable: uri_ar F:\www\p2p222notminsheng\Manage\Runtime\Cache\7bf772ac053b47c08e01e1799e554713.php 第 360 行.
NOTIC: [2] in_array() expects parameter 2 to be array, null given F:\www\p2p222notminsheng\Manage\Runtime\Cache\7bf772ac053b47c08e01e1799e554713.php 第 360 行.
NOTIC: [8] Undefined variable: uri_ar F:\www\p2p222notminsheng\Manage\Runtime\Cache\7bf772ac053b47c08e01e1799e554713.php 第 368 行.
NOTIC: [2] in_array() expects parameter 2 to be array, null given F:\www\p2p222notminsheng\Manage\Runtime\Cache\7bf772ac053b47c08e01e1799e554713.php 第 368 行.
NOTIC: [8] Undefined variable: uri_ar F:\www\p2p222notminsheng\Manage\Runtime\Cache\7bf772ac053b47c08e01e1799e554713.php 第 382 行.
NOTIC: [2] in_array() expects parameter 2 to be array, null given F:\www\p2p222notminsheng\Manage\Runtime\Cache\7bf772ac053b47c08e01e1799e554713.php 第 382 行.
INFO: ParseTemplate Behavior ::run [ RunTime:0.015000s ]
INFO: [ view_parse ] --END-- [ RunTime:0.015000s ]
INFO: [ view_filter ] --START--
INFO: ContentReplace Behavior ::run [ RunTime:0.000000s ]
INFO: TokenBuild Behavior ::run [ RunTime:0.001000s ]
INFO: WriteHtmlCache Behavior ::run [ RunTime:0.000000s ]
INFO: ShowRuntime Behavior ::run [ RunTime:0.001001s ]
INFO: [ view_filter ] --END-- [ RunTime:0.002001s ]
INFO: [ view_end ] --START--
INFO: ShowPageTrace Behavior ::run [ RunTime:0.001000s ]
INFO: [ view_end ] --END-- [ RunTime:0.001000s ]

[ 2018-05-16T17:16:33+08:00 ] 127.0.0.1 /manage.php/Index/Main
INFO: [ route_check ] --START--
INFO: CheckRoute Behavior ::run [ RunTime:0.001000s ]
INFO: [ route_check ] --END-- [ RunTime:0.001000s ]
INFO: [ app_begin ] --START--
INFO: ReadHtmlCache Behavior ::run [ RunTime:0.001000s ]
INFO: [ app_begin ] --END-- [ RunTime:0.001000s ]
SQL: SHOW COLUMNS FROM `tp_user` [ RunTime:0.001000s ]
SQL: SELECT * FROM `tp_user` WHERE ( id=1 ) LIMIT 1   [ RunTime:0.000000s ]
SQL: SHOW COLUMNS FROM `tp_loan` [ RunTime:0.001000s ]
SQL: SELECT COUNT(*) AS tp_count FROM `tp_loan` WHERE ( `deal_status` = 1 ) AND ( `is_effect` = 1 ) AND ( `is_delete` = 0 ) LIMIT 1   [ RunTime:0.000000s ]
SQL: SELECT COUNT(*) AS tp_count FROM `tp_loan` WHERE ( `deal_status` = 2 ) AND ( `is_effect` = 1 ) AND ( `is_delete` = 0 ) LIMIT 1   [ RunTime:0.001000s ]
SQL: SELECT COUNT(*) AS tp_count FROM `tp_loan` WHERE ( `deal_status` = 5 ) AND ( `is_effect` = 1 ) AND ( `is_delete` = 0 ) LIMIT 1   [ RunTime:0.000000s ]
SQL: SELECT sum(loan_money) as money FROM `tp_loan` WHERE ( `deal_status` = 5 ) AND ( `is_effect` = 1 ) AND ( `is_delete` = 0 ) LIMIT 1   [ RunTime:0.000000s ]
SQL: SHOW COLUMNS FROM `tp_recharge_log` [ RunTime:0.001000s ]
SQL: SELECT sum(payAmount) as money FROM `tp_recharge_log` WHERE ( stateCode=2 ) LIMIT 1   [ RunTime:0.005000s ]
SQL: SELECT * FROM `tp_loan` WHERE ( `deal_status` = 4 ) AND ( `is_effect` = 1 ) AND ( `is_delete` = 0 )  [ RunTime:0.001000s ]
SQL: SHOW COLUMNS FROM `tp_loan_apply` [ RunTime:0.127008s ]
SQL: SELECT COUNT(*) AS tp_count FROM `tp_loan_apply` LIMIT 1   [ RunTime:0.001000s ]
INFO: [ view_parse ] --START--
INFO: ParseTemplate Behavior ::run [ RunTime:0.008000s ]
INFO: [ view_parse ] --END-- [ RunTime:0.008000s ]
INFO: [ view_filter ] --START--
INFO: ContentReplace Behavior ::run [ RunTime:0.000000s ]
INFO: TokenBuild Behavior ::run [ RunTime:0.001000s ]
INFO: WriteHtmlCache Behavior ::run [ RunTime:0.001000s ]
INFO: ShowRuntime Behavior ::run [ RunTime:0.000000s ]
INFO: [ view_filter ] --END-- [ RunTime:0.002000s ]
INFO: [ view_end ] --START--
INFO: ShowPageTrace Behavior ::run [ RunTime:0.001000s ]
INFO: [ view_end ] --END-- [ RunTime:0.001000s ]

[ 2018-05-16T17:16:55+08:00 ] 127.0.0.1 /manage.php/Invested/Index
INFO: [ route_check ] --START--
INFO: CheckRoute Behavior ::run [ RunTime:0.001000s ]
INFO: [ route_check ] --END-- [ RunTime:0.001000s ]
INFO: [ app_begin ] --START--
INFO: ReadHtmlCache Behavior ::run [ RunTime:0.001000s ]
INFO: [ app_begin ] --END-- [ RunTime:0.001000s ]
SQL: SHOW COLUMNS FROM `tp_invested` [ RunTime:0.001000s ]
SQL: SHOW COLUMNS FROM `tp_web_user` [ RunTime:0.001001s ]
SQL: SHOW COLUMNS FROM `tp_loan` [ RunTime:0.001000s ]
NOTIC: [8] Undefined variable: where F:\www\p2p222notminsheng\Manage\Lib\Action\InvestedAction.class.php 第 50 行.
SQL: SELECT COUNT(*) AS tp_count FROM `tp_invested` LIMIT 1   [ RunTime:0.000000s ]
NOTIC: [8] Undefined variable: where F:\www\p2p222notminsheng\Manage\Lib\Action\InvestedAction.class.php 第 57 行.
SQL: SELECT * FROM `tp_invested` ORDER BY create_time DESC,id DESC LIMIT 0,25   [ RunTime:0.003000s ]
SQL: SELECT `id`,`user_name` FROM `tp_web_user` WHERE ( `id` IN ('102','9580','7669','7669','2349','9542','5901','5395','8333','6102','3566','190','5503','4310','2406','9579','211','5657','9414','5657','9412','9410','9406','6445','6445') )  [ RunTime:0.000000s ]
SQL: SELECT * FROM `tp_loan` WHERE ( `id` IN ('53','53','53','53','53','53','53','53','53','53','53','53','53','53','53','53','53','53','53','53','53','53','53','53','53') ) AND ( `is_effect` = 1 ) AND ( `is_delete` = 0 )  [ RunTime:0.000000s ]
SQL: SELECT `lid` FROM `tp_invested` GROUP BY lid  [ RunTime:0.004000s ]
SQL: SELECT `uid` FROM `tp_invested` GROUP BY uid  [ RunTime:0.007001s ]
SQL: SELECT `loan_title`,`id` FROM `tp_loan` WHERE ( `id` IN ('3','4','5','6','7','8','9','10','11','14','15','16','17','19','20','21','22','23','24','25','26','27','28','29','30','31','32','33','34','35','36','37','38','39','40','41','42','43','44','45','46','47','48','49','50','51','52','53') ) ORDER BY id DESC  [ RunTime:0.001000s ]
SQL: SELECT `user_name`,`id` FROM `tp_web_user` WHERE ( `id` IN ('101','102','103','110','115','128','130','131','134','135','136','137','138','139','144','145','146','147','148','149','150','151','152','153','154','158','159','165','166','167','168','169','170','171','173','174','177','180','182','184','185','188','189','190','193','195','197','198','202','203','204','208','211','212','215','216','219','220','221','222','223','224','225','226','227','228','229','230','232','233','245','247','249','251','252','258','263','264','270','272','274','278','280','281','286','287','288','291','292','298','304','305','309','312','329','339','342','347','358','359','360','362','363','364','368','376','378','380','382','384','393','397','398','399','401','403','409','410','412','422','428','429','432','434','435','436','437','439','442','443','444','445','446','447','448','449','450','451','452','453','454','455','456','457','458','459','460','461','462','463','464','465','466','468','470','471','473','476','478','479','480','481','482','483','484','485','487','488','489','490','491','492','493','494','495','496','497','498','499','500','501','502','503','504','505','506','507','508','509','510','511','512','513','514','515','516','517','518','519','520','521','522','523','524','527','528','529','530','531','532','533','534','535','536','537','538','539','542','543','544','545','546','547','548','549','550','551','552','553','554','555','556','557','560','561','562','563','564','565','566','567','569','570','571','572','574','575','576','577','578','580','581','582','583','584','585','586','587','588','589','590','591','592','593','594','595','597','598','599','601','602','603','604','606','607','608','609','610','611','612','613','614','615','616','617','618','619','621','622','623','624','625','626','627','628','629','630','631','635','636','637','638','639','640','641','642','643','644','645','647','648','649','652','653','654','656','657','658','659','661','662','663','667','669','670','671','672','673','674','675','676','677','678','679','680','682','683','684','685','686','687','688','689','690','691','692','693','694','695','696','699','700','701','705','706','707','708','710','711','713','714','715','716','717','718','719','720','721','722','723','724','725','726','727','728','729','731','732','733','734','735','736','738','739','740','741','742','743','744','745','746','747','748','749','750','751','752','753','754','755','756','757','758','759','761','763','764','765','766','767','768','769','770','771','772','773','774','775','776','777','778','780','781','782','783','784','785','786','787','788','789','790','791','792','793','794','796','797','798','799','800','801','802','803','804','805','806','807','808','809','810','811','812','813','814','815','816','817','818','819','820','821','822','823','824','825','826','827','828','829','830','831','832','834','835','836','837','838','839','840','841','842','843','844','845','846','847','848','849','850','851','852','853','854','855','856','857','858','859','860','861','862','863','864','865','866','867','868','870','871','872','873','874','875','876','877','878','879','880','881','882','883','884','885','887','888','889','891','892','893','894','895','896','897','898','899','900','901','902','904','905','906','907','908','909','910','911','912','913','914','915','916','917','918','919','921','922','923','924','925','926','927','928','929','930','931','932','933','934','935','936','937','938','939','941','942','943','944','945','946','947','948','949','950','951','952','953','954','955','956','957','958','959','960','961','962','963','964','965','966','967','968','969','970','971','972','973','974','975','976','977','978','979','980','981','982','983','984','985','986','987','989','990','991','992','993','994','995','996','997','998','999','1000','1002','1003','1004','1005','1006','1007','1008','1009','1010','1011','1012','1013','1014','1015','1016','1017','1018','1019','1022','1023','1024','1025','1026','1028','1029','1030','1031','1032','1033','1034','1035','1036','1037','1038','1039','1040','1041','1042','1043','1044','1045','1046','1047','1048','1049','1051','1052','1053','1054','1055','1056','1057','1058','1059','1060','1061','1062','1063','1064','1065','1066','1067','1068','1069','1070','1071','1072','1073','1074','1075','1077','1078','1079','1080','1081','1082','1084','1085','1086','1087','1088','1089','1090','1091','1092','1093','1094','1095','1096','1097','1098','1099','1100','1101','1102','1104','1105','1106','1107','1108','1109','1110','1111','1112','1113','1114','1116','1117','1118','1119','1120','1122','1123','1124','1125','1126','1127','1128','1129','1130','1131','1132','1133','1134','1135','1136','1137','1138','1139','1140','1141','1142','1144','1145','1146','1147','1148','1149','1150','1151','1152','1153','1154','1155','1156','1157','1158','1159','1160','1161','1162','1163','1164','1166','1167','1168','1169','1170','1171','1173','1174','1175','1176','1177','1178','1179','1180','1182','1183','1184','1187','1188','1189','1190','1191','1192','1193','1194','1195','1196','1197','1198','1199','1200','1201','1202','1205','1206','1207','1209','1210','1211','1212','1213','1215','1216','1217','1218','1220','1221','1222','1224','1225','1226','1228','1229','1231','1233','1235','1236','1237','1238','1240','1241','1242','1243','1244','1246','1247','1248','1249','1250','1251','1253','1254','1255','1257','1258','1260','1263','1265','1266','1267','1268','1269','1271','1272','1273','1274','1275','1276','1277','1278','1279','1280','1281','1282','1283','1284','1285','1286','1287','1288','1289','1290','1292','1294','1297','1298','1300','1301','1302','1305','1306','1308','1310','1311','1312','1314','1315','1316','1317','1322','1323','1324','1325','1326','1327','1328','1333','1334','1336','1337','1338','1339','1342','1344','1345','1347','1348','1349','1350','1351','1352','1353','1354','1355','1356','1357','1358','1359','1360','1364','1366','1367','1368','1369','1372','1373','1374','1375','1376','1377','1378','1379','1380','1382','1383','1384','1389','1391','1392','1393','1396','1399','1400','1403','1404','1405','1406','1407','1408','1409','1410','1411','1413','1414','1415','1416','1419','1421','1424','1425','1426','1429','1430','1432','1433','1434','1435','1436','1437','1439','1440','1441','1443','1444','1445','1446','1447','1448','1449','1450','1451','1452','1453','1454','1455','1456','1457','1458','1459','1460','1461','1462','1463','1464','1465','1466','1467','1468','1469','1470','1471','1472','1473','1474','1475','1476','1477','1478','1479','1480','1481','1482','1483','1484','1485','1486','1487','1488','1489','1490','1491','1492','1493','1494','1495','1496','1497','1498','1499','1500','1501','1502','1503','1504','1505','1506','1507','1508','1509','1510','1511','1513','1514','1515','1516','1517','1519','1520','1521','1522','1523','1524','1526','1527','1528','1530','1531','1532','1533','1534','1535','1536','1537','1538','1539','1540','1541','1542','1545','1546','1547','1548','1549','1551','1552','1553','1555','1557','1558','1559','1560','1561','1562','1563','1564','1565','1566','1567','1568','1569','1570','1571','1572','1573','1574','1575','1577','1579','1580','1581','1584','1585','1586','1587','1588','1589','1590','1591','1592','1593','1594','1596','1597','1598','1599','1600','1601','1603','1604','1605','1606','1607','1608','1609','1610','1611','1612','1613','1614','1615','1616','1617','1618','1619','1620','1621','1622','1623','1624','1625','1627','1628','1629','1630','1631','1632','1633','1634','1635','1636','1637','1638','1639','1640','1641','1643','1644','1645','1646','1647','1648','1649','1650','1652','1653','1654','1655','1656','1657','1658','1659','1660','1661','1662','1664','1665','1666','1667','1668','1670','1671','1673','1675','1676','1677','1678','1679','1680','1681','1682','1683','1684','1685','1687','1688','1694','1695','1696','1697','1698','1699','1702','1703','1704','1705','1706','1707','1708','1709','1710','1712','1713','1714','1719','1722','1723','1726','1731','1732','1733','1734','1736','1738','1741','1742','1744','1745','1746','1748','1749','1751','1753','1754','1758','1759','1761','1763','1764','1767','1769','1770','1772','1773','1774','1776','1777','1778','1780','1781','1782','1785','1791','1793','1794','1795','1796','1797','1799','1801','1803','1804','1807','1808','1809','1813','1814','1815','1818','1819','1821','1822','1823','1825','1826','1828','1833','1834','1837','1838','1839','1841','1842','1843','1846','1849','1850','1851','1855','1856','1857','1858','1860','1863','1866','1868','1869','1870','1873','1876','1879','1880','1882','1886','1887','1888','1894','1897','1899','1901','1902','1904','1906','1909','1912','1913','1914','1915','1917','1918','1920','1921','1923','1924','1925','1926','1927','1928','1930','1932','1933','1934','1935','1936','1938','1944','1945','1946','1947','1948','1949','1952','1956','1957','1958','1959','1960','1961','1962','1967','1968','1974','1975','1976','1977','1978','1979','1980','1982','1983','1985','1986','1987','1989','1991','1995','1997','2001','2011','2016','2020','2022','2023','2025','2029','2031','2032','2033','2034','2035','2041','2044','2045','2047','2049','2050','2052','2053','2054','2056','2057','2059','2061','2062','2066','2068','2070','2072','2073','2075','2078','2079','2080','2081','2083','2086','2087','2089','2091','2092','2096','2097','2098','2099','2100','2101','2103','2106','2109','2111','2112','2115','2116','2118','2119','2120','2121','2122','2123','2124','2126','2127','2130','2131','2138','2140','2142','2144','2145','2146','2149','2152','2154','2155','2158','2159','2160','2161','2163','2165','2166','2171','2172','2174','2177','2179','2183','2186','2187','2188','2189','2190','2191','2193','2194','2195','2196','2201','2202','2205','2208','2209','2210','2211','2213','2215','2216','2217','2221','2222','2225','2226','2227','2229','2230','2232','2234','2235','2236','2237','2238','2241','2242','2245','2246','2248','2250','2251','2253','2259','2260','2261','2264','2267','2270','2271','2272','2274','2278','2281','2283','2284','2286','2287','2291','2296','2298','2300','2301','2302','2303','2304','2310','2312','2313','2315','2316','2320','2321','2325','2326','2333','2334','2335','2336','2338','2340','2342','2345','2347','2349','2351','2368','2371','2377','2379','2380','2381','2387','2389','2390','2392','2395','2397','2400','2401','2403','2406','2407','2418','2422','2428','2430','2432','2433','2440','2443','2444','2445','2446','2456','2457','2458','2459','2461','2463','2464','2465','2468','2469','2471','2473','2474','2477','2478','2480','2484','2489','2491','2493','2498','2500','2513','2517','2519','2526','2529','2530','2534','2538','2546','2559','2561','2564','2566','2584','2586','2602','2611','2619','2620','2623','2629','2634','2643','2648','2650','2651','2654','2661','2665','2680','2702','2725','2730','2737','2761','2764','2771','2772','2773','2774','2776','2779','2782','2784','2785','2787','2788','2790','2801','2802','2803','2804','2806','2809','2811','2812','2813','2818','2820','2839','2840','2843','2844','2845','2847','2848','2850','2851','2852','2853','2856','2857','2858','2859','2860','2861','2864','2869','2874','2876','2877','2878','2883','2885','2887','2888','2891','2892','2893','2894','2903','2906','2907','2909','2911','2912','2913','2916','2923','2925','2933','2934','2937','2940','2946','2968','2971','2973','2976','2987','2988','2990','3006','3014','3025','3055','3063','3064','3065','3067','3083','3089','3100','3102','3104','3110','3121','3122','3123','3136','3137','3140','3144','3154','3158','3160','3161','3162','3165','3167','3168','3170','3176','3181','3182','3183','3187','3190','3194','3197','3202','3204','3205','3210','3211','3224','3244','3245','3246','3247','3248','3249','3252','3253','3273','3277','3279','3281','3287','3288','3291','3299','3302','3308','3322','3323','3325','3326','3327','3328','3329','3330','3331','3332','3333','3335','3336','3337','3338','3344','3345','3346','3347','3350','3393','3395','3396','3398','3399','3415','3416','3419','3421','3445','3450','3474','3480','3481','3483','3484','3486','3487','3488','3490','3495','3497','3500','3502','3503','3504','3506','3512','3514','3515','3517','3519','3522','3523','3526','3527','3528','3529','3530','3531','3533','3537','3541','3544','3547','3548','3550','3555','3556','3558','3560','3562','3565','3566','3568','3570','3574','3575','3579','3580','3583','3584','3585','3587','3588','3589','3590','3591','3592','3593','3594','3595','3596','3597','3598','3599','3601','3602','3603','3604','3606','3607','3608','3610','3611','3612','3613','3614','3615','3616','3617','3618','3619','3620','3621','3622','3623','3625','3626','3627','3628','3629','3630','3631','3632','3633','3634','3635','3637','3638','3639','3640','3641','3642','3643','3644','3645','3646','3647','3649','3650','3651','3652','3653','3655','3657','3658','3659','3660','3661','3662','3663','3664','3665','3666','3668','3669','3671','3673','3674','3675','3676','3677','3678','3679','3680','3681','3682','3683','3684','3685','3686','3687','3688','3689','3690','3691','3692','3693','3694','3696','3697','3698','3699','3702','3703','3704','3705','3707','3708','3709','3710','3711','3712','3713','3714','3715','3716','3718','3719','3720','3722','3723','3724','3725','3726','3727','3728','3734','3738','3739','3744','3759','3761','3762','3772','3774','3775','3784','3788','3796','3803','3811','3826','3829','3832','3833','3834','3836','3837','3838','3844','3845','3848','3849','3852','3853','3856','3857','3859','3862','3878','3879','3880','3881','3882','3883','3885','3886','3887','3889','3890','3891','3893','3895','3896','3897','3898','3899','3901','3902','3903','3904','3905','3909','3910','3911','3912','3914','3916','3917','3918','3919','3920','3921','3922','3923','3924','3925','3926','3927','3929','3932','3933','3934','3935','3936','3937','3938','3939','3940','3941','3942','3943','3944','3945','3946','3947','3949','3950','3951','3952','3953','3956','3957','3959','3961','3962','3963','3964','3965','3966','3967','3968','3969','3970','3971','3972','3973','3974','3975','3976','3979','3981','3982','3983','3986','3987','3989','3990','3993','3994','3995','3996','3999','4000','4002','4003','4004','4005','4006','4007','4008','4009','4010','4012','4014','4015','4016','4017','4018','4019','4020','4021','4023','4024','4025','4027','4028','4031','4032','4033','4034','4035','4036','4039','4040','4041','4042','4043','4044','4045','4047','4049','4052','4054','4056','4058','4059','4060','4066','4067','4068','4069','4070','4071','4072','4073','4074','4075','4076','4077','4078','4079','4081','4082','4083','4085','4086','4088','4090','4091','4094','4095','4096','4097','4098','4099','4100','4102','4103','4105','4106','4107','4108','4109','4110','4111','4113','4114','4116','4117','4118','4119','4120','4121','4122','4123','4124','4125','4126','4127','4129','4130','4131','4132','4133','4134','4135','4136','4137','4138','4139','4140','4141','4142','4143','4144','4145','4146','4147','4148','4149','4150','4151','4152','4153','4155','4156','4157','4158','4159','4163','4165','4166','4167','4168','4169','4170','4171','4172','4173','4174','4175','4176','4177','4178','4179','4180','4181','4184','4185','4187','4188','4189','4190','4191','4192','4193','4194','4195','4196','4197','4198','4199','4200','4201','4202','4203','4205','4206','4207','4208','4209','4210','4211','4212','4213','4214','4215','4217','4218','4219','4220','4221','4222','4223','4224','4225','4226','4227','4228','4229','4230','4231','4232','4233','4234','4235','4236','4238','4239','4240','4241','4243','4244','4245','4247','4248','4249','4251','4252','4253','4254','4255','4256','4257','4258','4259','4260','4261','4262','4263','4264','4265','4266','4268','4269','4270','4271','4272','4273','4274','4275','4276','4277','4278','4279','4280','4281','4282','4283','4284','4285','4287','4288','4289','4290','4291','4292','4293','4294','4295','4296','4297','4298','4299','4300','4301','4302','4303','4304','4305','4306','4307','4308','4309','4310','4311','4312','4313','4314','4315','4316','4317','4318','4319','4320','4321','4322','4323','4324','4325','4326','4327','4328','4329','4330','4331','4332','4333','4334','4335','4336','4337','4338','4339','4340','4341','4342','4343','4344','4345','4346','4347','4348','4349','4350','4351','4352','4353','4354','4356','4357','4358','4359','4360','4361','4362','4363','4364','4365','4366','4367','4368','4369','4370','4371','4372','4373','4374','4375','4376','4377','4378','4379','4380','4381','4382','4383','4384','4385','4386','4387','4388','4389','4390','4391','4392','4393','4394','4395','4396','4397','4398','4399','4400','4401','4402','4403','4404','4405','4406','4407','4408','4409','4410','4411','4412','4413','4415','4416','4417','4418','4419','4420','4421','4422','4423','4424','4425','4426','4427','4428','4429','4430','4431','4433','4434','4435','4436','4437','4438','4440','4441','4442','4443','4444','4445','4446','4447','4448','4450','4451','4452','4453','4455','4456','4457','4458','4459','4460','4461','4462','4463','4464','4465','4466','4467','4468','4469','4470','4471','4472','4473','4474','4476','4477','4478','4479','4480','4481','4482','4483','4484','4486','4487','4488','4489','4490','4491','4492','4493','4494','4495','4496','4497','4498','4499','4500','4501','4502','4503','4504','4505','4506','4507','4508','4509','4510','4511','4512','4513','4514','4515','4516','4517','4518','4519','4520','4521','4522','4523','4524','4525','4526','4527','4528','4529','4530','4531','4532','4533','4534','4535','4536','4537','4538','4539','4540','4541','4542','4543','4544','4545','4546','4547','4548','4549','4550','4551','4552','4553','4554','4555','4556','4557','4558','4559','4560','4561','4562','4563','4564','4565','4566','4567','4568','4569','4570','4571','4572','4573','4574','4575','4576','4577','4578','4579','4580','4581','4582','4583','4584','4585','4586','4587','4588','4589','4591','4592','4593','4594','4595','4596','4597','4598','4599','4600','4601','4602','4603','4604','4605','4606','4607','4608','4609','4610','4611','4612','4613','4614','4615','4616','4617','4618','4619','4620','4621','4622','4623','4624','4625','4626','4627','4628','4629','4630','4631','4632','4633','4634','4635','4636','4637','4638','4639','4640','4641','4642','4643','4644','4645','4646','4647','4648','4649','4650','4651','4652','4653','4654','4655','4656','4657','4659','4660','4661','4662','4663','4664','4665','4666','4667','4668','4669','4670','4671','4672','4673','4674','4675','4676','4678','4679','4680','4681','4682','4683','4684','4685','4686','4687','4688','4689','4690','4691','4692','4693','4694','4695','4697','4698','4699','4700','4701','4702','4703','4704','4705','4706','4707','4708','4709','4710','4711','4712','4713','4714','4715','4717','4718','4719','4721','4722','4723','4724','4725','4726','4727','4728','4729','4730','4731','4732','4733','4734','4736','4737','4738','4739','4740','4741','4742','4743','4744','4745','4746','4747','4748','4749','4750','4751','4752','4753','4754','4755','4756','4757','4758','4759','4760','4761','4762','4763','4764','4765','4766','4767','4768','4769','4770','4771','4772','4773','4774','4775','4776','4777','4778','4779','4780','4781','4782','4783','4784','4785','4786','4787','4788','4789','4790','4791','4792','4793','4794','4795','4796','4797','4798','4799','4800','4801','4802','4803','4804','4805','4806','4807','4809','4810','4812','4813','4814','4815','4817','4818','4819','4820','4822','4823','4824','4825','4826','4827','4828','4829','4830','4831','4832','4833','4834','4835','4836','4837','4838','4839','4840','4841','4842','4843','4844','4845','4846','4847','4848','4849','4850','4851','4852','4853','4854','4855','4856','4857','4858','4859','4860','4861','4862','4863','4864','4865','4866','4867','4868','4869','4870','4871','4872','4873','4875','4876','4877','4878','4879','4880','4881','4882','4883','4884','4885','4886','4887','4888','4889','4890','4891','4892','4893','4894','4895','4896','4897','4898','4899','4900','4901','4902','4903','4904','4905','4906','4908','4909','4910','4911','4912','4913','4914','4915','4916','4917','4918','4919','4920','4921','4922','4923','4924','4925','4926','4927','4928','4929','4931','4934','4935','4936','4937','4938','4939','4941','4942','4943','4944','4945','4946','4948','4949','4950','4951','4952','4953','4954','4955','4956','4957','4958','4959','4960','4961','4962','4963','4964','4965','4966','4967','4968','4969','4970','4971','4972','4974','4975','4976','4977','4978','4979','4980','4981','4983','4984','4985','4986','4987','4988','4989','4990','4991','4992','4993','4994','4995','4996','4997','4998','4999','5000','5001','5002','5003','5004','5005','5006','5007','5008','5009','5010','5011','5012','5013','5014','5015','5016','5017','5018','5019','5020','5021','5022','5023','5024','5025','5026','5027','5028','5029','5030','5031','5032','5033','5034','5035','5036','5037','5038','5039','5040','5041','5042','5043','5044','5045','5046','5047','5048','5049','5050','5051','5052','5053','5054','5055','5057','5058','5059','5060','5061','5062','5063','5064','5065','5066','5067','5068','5069','5070','5071','5072','5073','5074','5075','5076','5077','5078','5079','5080','5081','5082','5083','5084','5085','5086','5087','5088','5089','5090','5091','5092','5093','5094','5095','5096','5098','5099','5100','5101','5103','5104','5105','5107','5108','5109','5111','5112','5114','5115','5116','5117','5118','5119','5121','5122','5123','5124','5125','5126','5127','5129','5130','5131','5132','5133','5134','5136','5137','5138','5139','5140','5141','5142','5143','5144','5145','5146','5148','5149','5150','5151','5152','5153','5155','5157','5158','5159','5160','5161','5164','5165','5166','5167','5169','5170','5171','5173','5174','5175','5176','5177','5179','5180','5181','5182','5183','5185','5186','5187','5188','5189','5190','5191','5193','5194','5195','5196','5197','5198','5199','5200','5201','5202','5205','5206','5208','5209','5211','5212','5214','5215','5218','5219','5220','5221','5222','5224','5225','5226','5227','5228','5229','5230','5231','5232','5233','5235','5236','5237','5238','5239','5241','5242','5243','5244','5245','5250','5251','5254','5255','5256','5257','5258','5259','5260','5261','5262','5263','5264','5265','5266','5267','5269','5270','5271','5272','5273','5274','5275','5276','5277','5278','5279','5280','5281','5282','5284','5285','5287','5288','5289','5290','5291','5292','5293','5294','5295','5296','5297','5298','5299','5300','5301','5302','5303','5304','5305','5306','5307','5308','5309','5310','5311','5313','5314','5315','5316','5317','5319','5320','5321','5322','5324','5325','5326','5327','5328','5329','5330','5331','5333','5334','5335','5338','5339','5340','5341','5342','5343','5345','5346','5347','5348','5349','5350','5351','5353','5354','5355','5356','5357','5358','5359','5360','5361','5362','5363','5364','5365','5367','5368','5369','5370','5371','5372','5373','5375','5376','5377','5379','5380','5382','5385','5386','5387','5389','5390','5391','5392','5393','5394','5395','5397','5398','5399','5400','5401','5402','5403','5404','5405','5406','5407','5409','5411','5412','5414','5415','5417','5418','5419','5420','5421','5434','5438','5439','5443','5446','5449','5450','5451','5452','5457','5459','5460','5461','5464','5465','5468','5471','5474','5476','5477','5478','5479','5480','5481','5482','5483','5484','5485','5486','5488','5491','5499','5500','5501','5503','5506','5507','5512','5525','5528','5534','5538','5540','5541','5543','5544','5547','5561','5564','5565','5567','5582','5584','5585','5586','5588','5590','5592','5593','5594','5595','5596','5597','5598','5599','5600','5601','5602','5603','5604','5605','5606','5608','5609','5610','5611','5612','5613','5614','5615','5616','5617','5618','5622','5623','5624','5626','5628','5629','5633','5635','5636','5638','5640','5642','5646','5648','5649','5650','5651','5653','5654','5655','5656','5657','5658','5659','5660','5661','5662','5664','5665','5666','5668','5669','5671','5673','5675','5676','5677','5678','5679','5680','5681','5683','5684','5687','5688','5689','5690','5691','5693','5694','5695','5696','5697','5698','5705','5706','5708','5709','5711','5712','5713','5715','5716','5718','5719','5720','5723','5725','5726','5730','5731','5737','5741','5743','5744','5745','5746','5747','5750','5751','5753','5755','5767','5769','5770','5771','5772','5773','5776','5777','5778','5780','5781','5782','5783','5784','5785','5786','5787','5788','5789','5790','5791','5792','5793','5794','5795','5796','5797','5798','5799','5801','5802','5804','5805','5806','5807','5808','5809','5810','5811','5812','5813','5814','5815','5816','5817','5818','5819','5820','5821','5822','5823','5824','5825','5826','5827','5828','5830','5831','5833','5834','5835','5836','5837','5839','5840','5841','5842','5843','5844','5846','5847','5848','5849','5851','5852','5853','5854','5855','5857','5858','5859','5860','5861','5863','5864','5865','5866','5867','5868','5869','5870','5871','5872','5874','5875','5876','5877','5878','5879','5881','5882','5884','5885','5886','5887','5888','5889','5890','5891','5892','5894','5895','5896','5898','5899','5901','5902','5903','5904','5907','5908','5910','5911','5913','5914','5915','5916','5917','5918','5919','5920','5921','5922','5923','5924','5925','5926','5927','5928','5929','5930','5931','5932','5934','5935','5936','5937','5938','5939','5940','5941','5942','5944','5945','5946','5947','5949','5950','5951','5952','5954','5955','5957','5958','5959','5960','5961','5962','5963','5964','5965','5966','5967','5968','5969','5970','5971','5973','5974','5975','5976','5977','5978','5979','5980','5981','5985','5987','5988','5990','5992','5993','5994','5995','5996','5997','5998','5999','6000','6003','6004','6005','6006','6007','6008','6009','6010','6011','6013','6014','6015','6016','6017','6018','6019','6020','6021','6022','6023','6024','6025','6026','6027','6028','6029','6030','6031','6032','6033','6034','6035','6036','6037','6038','6039','6040','6041','6043','6044','6045','6046','6047','6048','6049','6050','6051','6052','6054','6055','6056','6057','6058','6059','6060','6061','6062','6064','6066','6067','6068','6070','6071','6072','6073','6075','6076','6077','6078','6079','6080','6081','6082','6083','6084','6085','6086','6087','6088','6089','6090','6091','6092','6093','6094','6095','6096','6097','6098','6099','6100','6101','6102','6103','6104','6105','6106','6107','6108','6109','6110','6111','6112','6113','6114','6115','6116','6117','6118','6119','6120','6121','6122','6123','6125','6126','6127','6128','6129','6130','6131','6132','6133','6134','6135','6136','6137','6138','6139','6140','6141','6142','6143','6144','6145','6146','6148','6149','6150','6151','6152','6153','6154','6155','6156','6157','6158','6159','6160','6162','6163','6164','6165','6166','6167','6168','6169','6170','6171','6172','6173','6174','6175','6176','6178','6179','6180','6181','6183','6184','6185','6186','6187','6188','6189','6190','6192','6195','6196','6197','6199','6200','6201','6202','6205','6206','6207','6208','6209','6210','6211','6212','6213','6214','6215','6217','6218','6219','6223','6224','6226','6228','6229','6230','6231','6232','6234','6236','6238','6239','6240','6241','6242','6243','6244','6247','6249','6250','6251','6253','6254','6256','6260','6261','6265','6268','6269','6270','6271','6273','6274','6275','6276','6277','6278','6279','6280','6281','6282','6283','6286','6287','6288','6289','6291','6292','6294','6295','6296','6297','6299','6300','6301','6302','6305','6306','6307','6308','6309','6311','6313','6314','6315','6317','6318','6320','6321','6322','6323','6324','6325','6327','6328','6329','6330','6331','6332','6333','6334','6336','6337','6338','6339','6341','6342','6343','6344','6345','6346','6348','6350','6351','6352','6353','6354','6355','6357','6359','6360','6361','6362','6363','6364','6366','6367','6368','6369','6371','6374','6376','6377','6378','6379','6380','6381','6382','6383','6385','6386','6387','6388','6389','6390','6392','6393','6394','6395','6398','6399','6400','6403','6404','6405','6406','6407','6408','6411','6412','6413','6414','6415','6416','6418','6420','6422','6424','6426','6427','6428','6429','6432','6433','6435','6436','6437','6438','6440','6442','6444','6445','6446','6448','6449','6451','6452','6453','6454','6456','6457','6458','6459','6460','6462','6463','6464','6465','6466','6472','6477','6481','6482','6483','6486','6487','6488','6489','6490','6491','6492','6493','6494','6495','6497','6499','6500','6501','6502','6503','6504','6505','6506','6507','6508','6509','6511','6513','6515','6516','6517','6518','6519','6520','6521','6524','6525','6527','6529','6530','6531','6532','6534','6535','6536','6537','6538','6540','6542','6543','6544','6546','6547','6548','6557','6558','6559','6561','6564','6568','6571','6574','6576','6579','6583','6589','6591','6599','6600','6603','6606','6608','6610','6611','6612','6613','6614','6615','6616','6617','6619','6620','6621','6623','6624','6625','6627','6628','6629','6630','6631','6634','6635','6637','6638','6639','6640','6641','6643','6644','6646','6647','6648','6649','6651','6652','6653','6655','6656','6657','6658','6659','6660','6661','6662','6663','6665','6666','6667','6668','6670','6671','6672','6675','6677','6678','6679','6680','6681','6682','6684','6685','6686','6687','6688','6689','6690','6691','6692','6693','6694','6696','6697','6699','6700','6701','6702','6703','6704','6705','6706','6707','6708','6709','6710','6711','6712','6713','6714','6715','6716','6717','6718','6719','6720','6721','6722','6723','6724','6725','6727','6728','6729','6730','6731','6732','6733','6736','6738','6739','6740','6742','6743','6744','6745','6749','6750','6751','6752','6755','6756','6757','6758','6759','6760','6761','6762','6763','6764','6766','6767','6768','6769','6770','6771','6772','6773','6774','6775','6776','6777','6779','6780','6783','6784','6785','6786','6787','6788','6789','6790','6791','6792','6793','6794','6796','6797','6798','6799','6800','6801','6802','6803','6805','6806','6807','6808','6809','6810','6811','6812','6813','6814','6815','6816','6817','6818','6819','6820','6821','6822','6823','6824','6825','6826','6827','6828','6829','6830','6831','6832','6833','6834','6835','6836','6837','6838','6839','6840','6841','6842','6843','6845','6846','6847','6848','6849','6850','6851','6852','6853','6854','6855','6857','6858','6859','6860','6861','6862','6863','6864','6865','6866','6867','6868','6869','6870','6871','6873','6874','6875','6876','6877','6878','6879','6880','6881','6882','6883','6884','6885','6886','6887','6888','6890','6891','6892','6893','6894','6895','6896','6897','6899','6900','6901','6902','6903','6904','6905','6906','6907','6908','6909','6910','6911','6912','6913','6914','6915','6916','6918','6919','6921','6922','6923','6924','6925','6926','6927','6928','6929','6930','6931','6933','6934','6935','6936','6938','6939','6940','6941','6942','6943','6946','6948','6949','6950','6951','6952','6953','6954','6955','6957','6958','6959','6960','6961','6962','6963','6964','6965','6966','6967','6968','6970','6971','6972','6973','6974','6975','6976','6977','6978','6979','6980','6981','6982','6983','6984','6985','6987','6988','6989','6990','6991','6992','6993','6994','6995','6996','6998','6999','7001','7002','7003','7004','7005','7006','7007','7008','7009','7010','7011','7012','7014','7015','7016','7017','7018','7019','7020','7021','7022','7023','7024','7025','7026','7027','7028','7029','7030','7031','7032','7033','7034','7035','7036','7037','7038','7039','7040','7041','7042','7043','7044','7045','7046','7048','7049','7050','7052','7053','7054','7055','7056','7057','7058','7059','7060','7061','7063','7064','7065','7066','7067','7068','7069','7072','7073','7074','7077','7078','7079','7080','7082','7083','7084','7085','7088','7089','7092','7094','7096','7098','7099','7101','7102','7104','7105','7106','7107','7110','7112','7113','7114','7119','7120','7123','7124','7125','7126','7128','7130','7131','7132','7133','7134','7136','7137','7138','7139','7141','7142','7143','7145','7146','7147','7151','7152','7153','7155','7156','7158','7159','7162','7163','7164','7166','7168','7169','7171','7172','7173','7175','7176','7177','7178','7179','7180','7181','7182','7183','7184','7186','7188','7190','7191','7192','7193','7195','7196','7197','7199','7200','7202','7203','7204','7206','7207','7208','7209','7210','7213','7214','7216','7218','7219','7220','7221','7223','7224','7225','7226','7228','7229','7230','7231','7232','7233','7234','7235','7236','7239','7241','7242','7243','7244','7245','7246','7247','7248','7249','7250','7251','7253','7254','7255','7257','7258','7260','7264','7266','7268','7270','7271','7273','7275','7276','7277','7278','7279','7280','7281','7282','7284','7285','7287','7289','7290','7291','7292','7293','7294','7296','7297','7298','7299','7302','7303','7304','7305','7306','7307','7309','7310','7311','7313','7314','7315','7317','7318','7319','7322','7323','7324','7325','7326','7330','7331','7336','7337','7338','7339','7341','7342','7343','7344','7345','7349','7350','7351','7353','7355','7358','7359','7360','7361','7362','7363','7365','7366','7367','7368','7369','7370','7371','7372','7373','7374','7375','7377','7379','7380','7382','7383','7384','7385','7386','7387','7388','7389','7390','7391','7392','7393','7394','7395','7396','7397','7398','7400','7401','7402','7403','7405','7406','7407','7408','7409','7410','7411','7412','7414','7415','7416','7417','7418','7419','7420','7421','7422','7423','7427','7429','7430','7431','7432','7434','7435','7436','7438','7439','7440','7441','7442','7443','7444','7445','7446','7448','7449','7450','7451','7452','7453','7454','7456','7457','7458','7459','7461','7463','7464','7467','7469','7470','7471','7472','7473','7474','7475','7477','7478','7479','7480','7481','7482','7483','7484','7485','7486','7488','7489','7490','7492','7493','7494','7495','7496','7497','7498','7499','7500','7501','7502','7503','7504','7505','7506','7507','7508','7509','7510','7511','7512','7513','7514','7515','7516','7517','7518','7519','7520','7521','7523','7525','7526','7527','7528','7530','7531','7532','7534','7535','7536','7537','7538','7540','7541','7542','7543','7544','7545','7547','7548','7549','7550','7551','7553','7554','7556','7557','7558','7559','7560','7561','7562','7564','7565','7566','7567','7568','7569','7570','7571','7572','7573','7574','7575','7576','7577','7579','7580','7581','7582','7583','7584','7585','7587','7588','7591','7593','7594','7595','7596','7597','7598','7599','7600','7601','7602','7603','7604','7607','7609','7610','7612','7613','7617','7619','7620','7621','7622','7624','7626','7627','7628','7629','7630','7631','7632','7633','7634','7636','7637','7638','7640','7641','7642','7644','7645','7646','7647','7648','7649','7651','7652','7655','7656','7658','7659','7660','7661','7662','7665','7669','7671','7672','7674','7676','7678','7679','7680','7681','7683','7684','7685','7686','7687','7688','7689','7690','7691','7692','7697','7699','7700','7701','7702','7704','7705','7707','7714','7716','7717','7718','7720','7721','7724','7726','7727','7728','7731','7732','7734','7735','7736','7737','7741','7743','7745','7746','7747','7748','7749','7750','7753','7758','7759','7760','7763','7766','7769','7771','7774','7775','7776','7777','7778','7779','7780','7781','7782','7783','7785','7786','7787','7788','7789','7790','7794','7796','7798','7799','7800','7801','7803','7805','7807','7808','7809','7810','7811','7812','7813','7816','7817','7818','7819','7820','7822','7823','7824','7825','7826','7828','7830','7835','7836','7837','7838','7841','7843','7844','7846','7847','7848','7849','7850','7852','7855','7856','7858','7859','7860','7864','7869','7870','7881','7884','7885','7887','7889','7890','7891','7894','7898','7900','7904','7908','7911','7916','7918','7919','7925','7926','7927','7931','7932','7934','7935','7938','7939','7942','7944','7945','7946','7947','7948','7949','7950','7951','7952','7953','7954','7956','7958','7960','7961','7962','7963','7969','7970','7979','7980','7985','7986','7987','7993','7994','7997','8000','8002','8003','8009','8011','8018','8022','8025','8027','8028','8029','8030','8031','8033','8035','8038','8039','8040','8042','8043','8047','8048','8050','8053','8054','8062','8065','8074','8075','8078','8080','8081','8082','8083','8084','8085','8086','8087','8088','8089','8090','8091','8092','8093','8094','8095','8096','8097','8098','8099','8100','8101','8102','8103','8106','8108','8109','8110','8111','8112','8113','8114','8116','8117','8118','8119','8121','8122','8123','8124','8125','8126','8127','8128','8129','8130','8131','8133','8134','8135','8136','8137','8138','8139','8141','8142','8143','8144','8145','8146','8147','8148','8149','8150','8151','8152','8154','8155','8156','8157','8158','8159','8160','8161','8163','8164','8165','8166','8168','8169','8170','8171','8172','8173','8176','8178','8180','8181','8182','8183','8184','8185','8186','8187','8188','8189','8190','8191','8192','8193','8194','8195','8196','8197','8198','8199','8200','8201','8202','8203','8204','8205','8206','8207','8208','8209','8210','8211','8212','8213','8214','8215','8216','8217','8218','8219','8220','8221','8222','8223','8224','8225','8226','8227','8228','8229','8230','8231','8232','8234','8235','8236','8237','8239','8240','8241','8242','8243','8244','8245','8246','8247','8248','8249','8250','8251','8252','8253','8254','8255','8256','8257','8258','8259','8260','8261','8262','8263','8264','8265','8266','8267','8268','8269','8270','8271','8272','8273','8274','8275','8276','8277','8278','8279','8280','8281','8282','8283','8284','8286','8287','8288','8289','8290','8291','8292','8293','8294','8295','8296','8297','8298','8299','8300','8303','8304','8305','8306','8307','8308','8310','8311','8312','8313','8315','8316','8318','8319','8320','8322','8323','8324','8325','8327','8329','8330','8331','8332','8333','8334','8337','8338','8339','8340','8341','8345','8346','8348','8349','8350','8351','8353','8354','8355','8356','8357','8358','8359','8360','8361','8362','8363','8364','8365','8366','8367','8368','8369','8370','8371','8372','8373','8374','8375','8377','8378','8379','8380','8381','8382','8383','8384','8385','8386','8387','8388','8389','8391','8392','8393','8394','8395','8397','8398','8399','8400','8401','8402','8403','8404','8405','8406','8407','8408','8409','8410','8411','8412','8413','8414','8416','8417','8418','8419','8420','8421','8422','8423','8424','8425','8426','8427','8428','8430','8432','8433','8434','8435','8436','8437','8439','8440','8441','8442','8443','8444','8445','8446','8447','8448','8450','8451','8452','8453','8454','8455','8456','8457','8458','8459','8460','8461','8462','8463','8464','8465','8466','8468','8469','8470','8471','8472','8473','8474','8475','8476','8477','8478','8479','8480','8481','8482','8483','8485','8486','8487','8488','8489','8490','8492','8493','8494','8495','8496','8497','8498','8499','8500','8501','8502','8503','8504','8505','8506','8507','8508','8509','8510','8511','8512','8513','8514','8515','8516','8517','8518','8519','8520','8521','8522','8523','8524','8525','8526','8528','8529','8530','8531','8532','8533','8535','8536','8537','8538','8539','8540','8542','8543','8544','8545','8546','8547','8548','8549','8550','8551','8552','8553','8554','8555','8556','8557','8559','8560','8562','8563','8564','8565','8566','8567','8568','8569','8571','8572','8573','8574','8575','8576','8577','8578','8582','8583','8584','8585','8586','8588','8589','8590','8591','8592','8594','8595','8596','8597','8598','8599','8600','8601','8602','8603','8604','8605','8606','8607','8608','8609','8611','8612','8613','8614','8615','8616','8617','8618','8619','8620','8622','8624','8625','8626','8627','8628','8629','8630','8631','8632','8633','8634','8636','8637','8639','8640','8641','8642','8643','8644','8645','8646','8647','8649','8650','8651','8652','8653','8654','8655','8656','8657','8658','8659','8660','8662','8663','8664','8665','8666','8667','8668','8669','8670','8671','8672','8673','8674','8675','8676','8677','8678','8679','8680','8681','8682','8683','8685','8686','8687','8688','8689','8690','8691','8693','8694','8695','8696','8697','8699','8700','8701','8702','8703','8704','8705','8706','8707','8709','8710','8711','8712','8713','8714','8715','8716','8717','8718','8719','8720','8721','8722','8723','8724','8725','8726','8728','8729','8730','8731','8732','8733','8734','8735','8736','8737','8738','8739','8740','8741','8742','8743','8744','8745','8746','8747','8748','8750','8751','8752','8753','8754','8755','8756','8757','8758','8759','8760','8761','8762','8763','8764','8765','8766','8767','8768','8769','8770','8771','8772','8773','8774','8775','8776','8777','8778','8780','8781','8783','8785','8786','8787','8788','8789','8790','8791','8793','8794','8795','8796','8797','8798','8799','8800','8801','8802','8803','8804','8805','8806','8808','8809','8810','8811','8812','8813','8814','8815','8816','8817','8818','8819','8820','8821','8822','8823','8824','8825','8826','8827','8828','8829','8830','8831','8832','8833','8834','8835','8836','8837','8838','8839','8840','8841','8842','8845','8849','8850','8852','8853','8854','8855','8856','8857','8858','8859','8860','8861','8862','8864','8866','8867','8869','8870','8878','8886','8887','8891','8892','8893','8894','8895','8896','8900','8901','8903','8904','8905','8910','8912','8913','8914','8916','8929','8933','8940','8943','8947','8950','8954','8957','8962','8966','8967','8972','8977','8983','8984','8985','8986','8987','8988','8989','8990','8991','8993','8994','8995','8996','8997','8998','8999','9001','9002','9003','9004','9005','9006','9007','9008','9011','9012','9015','9017','9020','9021','9023','9025','9029','9030','9032','9033','9034','9044','9045','9047','9048','9049','9050','9051','9052','9053','9054','9055','9056','9058','9060','9061','9062','9063','9064','9065','9066','9067','9068','9071','9077','9078','9080','9082','9084','9085','9086','9087','9090','9091','9092','9095','9097','9100','9102','9104','9105','9106','9107','9108','9110','9111','9112','9114','9115','9117','9123','9124','9126','9127','9128','9129','9130','9131','9133','9134','9135','9136','9137','9138','9140','9141','9142','9144','9145','9146','9147','9148','9149','9150','9151','9152','9153','9159','9160','9161','9163','9165','9167','9168','9169','9171','9172','9174','9176','9177','9180','9181','9182','9183','9185','9187','9188','9192','9201','9202','9208','9209','9211','9215','9216','9217','9218','9219','9220','9221','9222','9223','9224','9225','9226','9229','9230','9234','9236','9237','9238','9239','9241','9242','9243','9244','9245','9246','9247','9248','9249','9250','9252','9253','9254','9255','9256','9257','9258','9259','9260','9261','9262','9263','9265','9267','9269','9276','9278','9279','9286','9290','9292','9293','9294','9295','9296','9297','9298','9299','9301','9302','9303','9307','9309','9310','9311','9312','9313','9315','9316','9321','9322','9323','9324','9325','9326','9327','9329','9330','9333','9334','9336','9338','9339','9340','9341','9342','9343','9344','9345','9351','9352','9353','9354','9355','9356','9357','9358','9359','9363','9364','9365','9366','9367','9368','9375','9377','9379','9380','9381','9385','9386','9394','9395','9397','9401','9402','9403','9404','9405','9406','9407','9408','9409','9410','9411','9412','9413','9414','9415','9416','9417','9418','9419','9423','9426','9427','9429','9433','9439','9440','9442','9443','9444','9447','9448','9452','9458','9459','9467','9472','9473','9476','9477','9478','9480','9481','9482','9484','9486','9489','9493','9495','9497','9499','9500','9501','9504','9505','9508','9511','9513','9514','9516','9517','9519','9520','9521','9522','9523','9524','9525','9529','9533','9537','9538','9542','9544','9564','9565','9566','9567','9568','9569','9570','9571','9572','9573','9578','9579','9580') ) ORDER BY id DESC  [ RunTime:0.030001s ]
SQL: SELECT sum(amount) as invested_count,`lid`,sum(repayment_amount) as repayment_count FROM `tp_invested` GROUP BY lid  [ RunTime:0.004000s ]
NOTIC: [8] Undefined variable: where F:\www\p2p222notminsheng\Manage\Lib\Action\InvestedAction.class.php 第 144 行.
SQL: SELECT sum(amount) as in_count,sum(repayment_amount) as in_repayment_amount,sum(bonus_money) as in_bouns_money FROM `tp_invested` WHERE ( `uid` NOT IN ('102','103') ) LIMIT 1   [ RunTime:0.016001s ]
INFO: [ view_parse ] --START--
INFO: ParseTemplate Behavior ::run [ RunTime:0.015001s ]
INFO: [ view_parse ] --END-- [ RunTime:0.015001s ]
INFO: [ view_filter ] --START--
INFO: ContentReplace Behavior ::run [ RunTime:0.003000s ]
INFO: TokenBuild Behavior ::run [ RunTime:0.001000s ]
INFO: WriteHtmlCache Behavior ::run [ RunTime:0.001000s ]
INFO: ShowRuntime Behavior ::run [ RunTime:0.001001s ]
INFO: [ view_filter ] --END-- [ RunTime:0.006001s ]
INFO: [ view_end ] --START--
INFO: ShowPageTrace Behavior ::run [ RunTime:0.001000s ]
INFO: [ view_end ] --END-- [ RunTime:0.001000s ]

[ 2018-05-16T17:16:59+08:00 ] 127.0.0.1 /manage.php/Lottery/RecordIndex
INFO: [ route_check ] --START--
INFO: CheckRoute Behavior ::run [ RunTime:0.001000s ]
INFO: [ route_check ] --END-- [ RunTime:0.001000s ]
INFO: [ app_begin ] --START--
INFO: ReadHtmlCache Behavior ::run [ RunTime:0.001000s ]
INFO: [ app_begin ] --END-- [ RunTime:0.001000s ]
SQL: SHOW COLUMNS FROM `tp_record` [ RunTime:0.001000s ]
SQL: SHOW COLUMNS FROM `tp_web_user` [ RunTime:0.000000s ]
SQL: SHOW COLUMNS FROM `tp_lt` [ RunTime:0.001000s ]
NOTIC: [8] Undefined variable: where F:\www\p2p222notminsheng\Manage\Lib\Action\LotteryAction.class.php 第 95 行.
SQL: SELECT COUNT(*) AS tp_count FROM `tp_record` LIMIT 1   [ RunTime:0.000000s ]
NOTIC: [8] Undefined variable: where F:\www\p2p222notminsheng\Manage\Lib\Action\LotteryAction.class.php 第 99 行.
SQL: SELECT * FROM `tp_record` ORDER BY create_time DESC,id DESC LIMIT 0,25   [ RunTime:0.001000s ]
SQL: SELECT * FROM `tp_web_user` WHERE ( `id` IN ('170','170','170','190','190','190','193','193','153','153','180','103','103','102','102','101','101','103','102','101','159','159','159','154','154') )  [ RunTime:0.001000s ]
SQL: SELECT * FROM `tp_lt` WHERE ( `id` IN ('6','6','6','6','6','6','6','6','6','6','6','2','6','6','6','6','6','3','4','5','6','6','6','6','6') )  [ RunTime:0.000000s ]
INFO: [ view_parse ] --START--
NOTIC: [8] Undefined variable: pid F:\www\p2p222notminsheng\Manage\Runtime\Cache\2e832672380f97c4d4c4eea10e7e8a7a.php 第 44 行.
NOTIC: [8] Undefined variable: cate F:\www\p2p222notminsheng\Manage\Runtime\Cache\2e832672380f97c4d4c4eea10e7e8a7a.php 第 50 行.
NOTIC: [8] Undefined variable: ss F:\www\p2p222notminsheng\Manage\Runtime\Cache\2e832672380f97c4d4c4eea10e7e8a7a.php 第 53 行.
INFO: ParseTemplate Behavior ::run [ RunTime:0.009001s ]
INFO: [ view_parse ] --END-- [ RunTime:0.009001s ]
INFO: [ view_filter ] --START--
INFO: ContentReplace Behavior ::run [ RunTime:0.001000s ]
INFO: TokenBuild Behavior ::run [ RunTime:0.001000s ]
INFO: WriteHtmlCache Behavior ::run [ RunTime:0.000000s ]
INFO: ShowRuntime Behavior ::run [ RunTime:0.001000s ]
INFO: [ view_filter ] --END-- [ RunTime:0.003000s ]
INFO: [ view_end ] --START--
INFO: ShowPageTrace Behavior ::run [ RunTime:0.001000s ]
INFO: [ view_end ] --END-- [ RunTime:0.001000s ]

[ 2018-05-16T17:17:00+08:00 ] 127.0.0.1 /manage.php/Lottery/Index
INFO: [ route_check ] --START--
INFO: CheckRoute Behavior ::run [ RunTime:0.001000s ]
INFO: [ route_check ] --END-- [ RunTime:0.001000s ]
INFO: [ app_begin ] --START--
INFO: ReadHtmlCache Behavior ::run [ RunTime:0.001001s ]
INFO: [ app_begin ] --END-- [ RunTime:0.001001s ]
SQL: SHOW COLUMNS FROM `tp_lt` [ RunTime:0.001000s ]
NOTIC: [8] Undefined variable: where F:\www\p2p222notminsheng\Manage\Lib\Action\LotteryAction.class.php 第 18 行.
SQL: SELECT COUNT(*) AS tp_count FROM `tp_lt` LIMIT 1   [ RunTime:0.000000s ]
NOTIC: [8] Undefined variable: where F:\www\p2p222notminsheng\Manage\Lib\Action\LotteryAction.class.php 第 22 行.
SQL: SELECT * FROM `tp_lt` ORDER BY create_time ASC,id ASC LIMIT 0,25   [ RunTime:0.000000s ]
INFO: [ view_parse ] --START--
NOTIC: [8] Undefined variable: pid F:\www\p2p222notminsheng\Manage\Runtime\Cache\b4cf1e3b35752b08ab124ae76252b82b.php 第 32 行.
NOTIC: [8] Undefined variable: cate F:\www\p2p222notminsheng\Manage\Runtime\Cache\b4cf1e3b35752b08ab124ae76252b82b.php 第 38 行.
NOTIC: [8] Undefined variable: ss F:\www\p2p222notminsheng\Manage\Runtime\Cache\b4cf1e3b35752b08ab124ae76252b82b.php 第 41 行.
INFO: ParseTemplate Behavior ::run [ RunTime:0.007000s ]
INFO: [ view_parse ] --END-- [ RunTime:0.007000s ]
INFO: [ view_filter ] --START--
INFO: ContentReplace Behavior ::run [ RunTime:0.001000s ]
INFO: TokenBuild Behavior ::run [ RunTime:0.000000s ]
INFO: WriteHtmlCache Behavior ::run [ RunTime:0.000000s ]
INFO: ShowRuntime Behavior ::run [ RunTime:0.001000s ]
INFO: [ view_filter ] --END-- [ RunTime:0.002000s ]
INFO: [ view_end ] --START--
INFO: ShowPageTrace Behavior ::run [ RunTime:0.001000s ]
INFO: [ view_end ] --END-- [ RunTime:0.001000s ]

[ 2018-05-16T17:17:03+08:00 ] 127.0.0.1 /manage.php/Lottery/RecordIndex
INFO: [ route_check ] --START--
INFO: CheckRoute Behavior ::run [ RunTime:0.001000s ]
INFO: [ route_check ] --END-- [ RunTime:0.001000s ]
INFO: [ app_begin ] --START--
INFO: ReadHtmlCache Behavior ::run [ RunTime:0.001000s ]
INFO: [ app_begin ] --END-- [ RunTime:0.001000s ]
SQL: SHOW COLUMNS FROM `tp_record` [ RunTime:0.001000s ]
SQL: SHOW COLUMNS FROM `tp_web_user` [ RunTime:0.001000s ]
SQL: SHOW COLUMNS FROM `tp_lt` [ RunTime:0.001000s ]
NOTIC: [8] Undefined variable: where F:\www\p2p222notminsheng\Manage\Lib\Action\LotteryAction.class.php 第 95 行.
SQL: SELECT COUNT(*) AS tp_count FROM `tp_record` LIMIT 1   [ RunTime:0.001000s ]
NOTIC: [8] Undefined variable: where F:\www\p2p222notminsheng\Manage\Lib\Action\LotteryAction.class.php 第 99 行.
SQL: SELECT * FROM `tp_record` ORDER BY create_time DESC,id DESC LIMIT 0,25   [ RunTime:0.000000s ]
SQL: SELECT * FROM `tp_web_user` WHERE ( `id` IN ('170','170','170','190','190','190','193','193','153','153','180','103','103','102','102','101','101','103','102','101','159','159','159','154','154') )  [ RunTime:0.000000s ]
SQL: SELECT * FROM `tp_lt` WHERE ( `id` IN ('6','6','6','6','6','6','6','6','6','6','6','2','6','6','6','6','6','3','4','5','6','6','6','6','6') )  [ RunTime:0.001000s ]
INFO: [ view_parse ] --START--
NOTIC: [8] Undefined variable: pid F:\www\p2p222notminsheng\Manage\Runtime\Cache\2e832672380f97c4d4c4eea10e7e8a7a.php 第 44 行.
NOTIC: [8] Undefined variable: cate F:\www\p2p222notminsheng\Manage\Runtime\Cache\2e832672380f97c4d4c4eea10e7e8a7a.php 第 50 行.
NOTIC: [8] Undefined variable: ss F:\www\p2p222notminsheng\Manage\Runtime\Cache\2e832672380f97c4d4c4eea10e7e8a7a.php 第 53 行.
INFO: ParseTemplate Behavior ::run [ RunTime:0.010001s ]
INFO: [ view_parse ] --END-- [ RunTime:0.010001s ]
INFO: [ view_filter ] --START--
INFO: ContentReplace Behavior ::run [ RunTime:0.000000s ]
INFO: TokenBuild Behavior ::run [ RunTime:0.000000s ]
INFO: WriteHtmlCache Behavior ::run [ RunTime:0.001000s ]
INFO: ShowRuntime Behavior ::run [ RunTime:0.000000s ]
INFO: [ view_filter ] --END-- [ RunTime:0.002000s ]
INFO: [ view_end ] --START--
INFO: ShowPageTrace Behavior ::run [ RunTime:0.000000s ]
INFO: [ view_end ] --END-- [ RunTime:0.000000s ]

[ 2018-05-16T17:17:04+08:00 ] 127.0.0.1 /manage.php/Lottery/Index
INFO: [ route_check ] --START--
INFO: CheckRoute Behavior ::run [ RunTime:0.001000s ]
INFO: [ route_check ] --END-- [ RunTime:0.001000s ]
INFO: [ app_begin ] --START--
INFO: ReadHtmlCache Behavior ::run [ RunTime:0.001000s ]
INFO: [ app_begin ] --END-- [ RunTime:0.001000s ]
SQL: SHOW COLUMNS FROM `tp_lt` [ RunTime:0.001000s ]
NOTIC: [8] Undefined variable: where F:\www\p2p222notminsheng\Manage\Lib\Action\LotteryAction.class.php 第 18 行.
SQL: SELECT COUNT(*) AS tp_count FROM `tp_lt` LIMIT 1   [ RunTime:0.000000s ]
NOTIC: [8] Undefined variable: where F:\www\p2p222notminsheng\Manage\Lib\Action\LotteryAction.class.php 第 22 行.
SQL: SELECT * FROM `tp_lt` ORDER BY create_time ASC,id ASC LIMIT 0,25   [ RunTime:0.000000s ]
INFO: [ view_parse ] --START--
NOTIC: [8] Undefined variable: pid F:\www\p2p222notminsheng\Manage\Runtime\Cache\b4cf1e3b35752b08ab124ae76252b82b.php 第 32 行.
NOTIC: [8] Undefined variable: cate F:\www\p2p222notminsheng\Manage\Runtime\Cache\b4cf1e3b35752b08ab124ae76252b82b.php 第 38 行.
NOTIC: [8] Undefined variable: ss F:\www\p2p222notminsheng\Manage\Runtime\Cache\b4cf1e3b35752b08ab124ae76252b82b.php 第 41 行.
INFO: ParseTemplate Behavior ::run [ RunTime:0.007000s ]
INFO: [ view_parse ] --END-- [ RunTime:0.007000s ]
INFO: [ view_filter ] --START--
INFO: ContentReplace Behavior ::run [ RunTime:0.001000s ]
INFO: TokenBuild Behavior ::run [ RunTime:0.000000s ]
INFO: WriteHtmlCache Behavior ::run [ RunTime:0.001000s ]
INFO: ShowRuntime Behavior ::run [ RunTime:0.001000s ]
INFO: [ view_filter ] --END-- [ RunTime:0.003000s ]
INFO: [ view_end ] --START--
INFO: ShowPageTrace Behavior ::run [ RunTime:0.000000s ]
INFO: [ view_end ] --END-- [ RunTime:0.000000s ]

[ 2018-05-16T17:17:19+08:00 ] 127.0.0.1 /manage.php/Lottery/LotterySet/upid/1
INFO: [ route_check ] --START--
INFO: CheckRoute Behavior ::run [ RunTime:0.001000s ]
INFO: [ route_check ] --END-- [ RunTime:0.001000s ]
INFO: [ app_begin ] --START--
INFO: ReadHtmlCache Behavior ::run [ RunTime:0.001000s ]
INFO: [ app_begin ] --END-- [ RunTime:0.001000s ]
SQL: SHOW COLUMNS FROM `tp_lt` [ RunTime:0.001000s ]
SQL: SELECT * FROM `tp_lt` WHERE ( id=1 ) LIMIT 1   [ RunTime:0.000000s ]
INFO: [ view_parse ] --START--
NOTIC: [8] Undefined variable: display_txt F:\www\p2p222notminsheng\Manage\Runtime\Cache\0a5572f79fcd10c1dafe05955ebfe9ca.php 第 18 行.
INFO: ParseTemplate Behavior ::run [ RunTime:0.007001s ]
INFO: [ view_parse ] --END-- [ RunTime:0.007001s ]
INFO: [ view_filter ] --START--
INFO: ContentReplace Behavior ::run [ RunTime:0.000000s ]
INFO: TokenBuild Behavior ::run [ RunTime:0.001000s ]
INFO: WriteHtmlCache Behavior ::run [ RunTime:0.000000s ]
INFO: ShowRuntime Behavior ::run [ RunTime:0.001000s ]
INFO: [ view_filter ] --END-- [ RunTime:0.002000s ]
INFO: [ view_end ] --START--
INFO: ShowPageTrace Behavior ::run [ RunTime:0.000000s ]
INFO: [ view_end ] --END-- [ RunTime:0.000000s ]

[ 2018-05-16T17:17:27+08:00 ] 127.0.0.1 /manage.php/Lottery/RecordIndex
INFO: [ route_check ] --START--
INFO: CheckRoute Behavior ::run [ RunTime:0.001000s ]
INFO: [ route_check ] --END-- [ RunTime:0.001000s ]
INFO: [ app_begin ] --START--
INFO: ReadHtmlCache Behavior ::run [ RunTime:0.001000s ]
INFO: [ app_begin ] --END-- [ RunTime:0.001000s ]
SQL: SHOW COLUMNS FROM `tp_record` [ RunTime:0.001000s ]
SQL: SHOW COLUMNS FROM `tp_web_user` [ RunTime:0.000000s ]
SQL: SHOW COLUMNS FROM `tp_lt` [ RunTime:0.001000s ]
NOTIC: [8] Undefined variable: where F:\www\p2p222notminsheng\Manage\Lib\Action\LotteryAction.class.php 第 95 行.
SQL: SELECT COUNT(*) AS tp_count FROM `tp_record` LIMIT 1   [ RunTime:0.000000s ]
NOTIC: [8] Undefined variable: where F:\www\p2p222notminsheng\Manage\Lib\Action\LotteryAction.class.php 第 99 行.
SQL: SELECT * FROM `tp_record` ORDER BY create_time DESC,id DESC LIMIT 0,25   [ RunTime:0.001000s ]
SQL: SELECT * FROM `tp_web_user` WHERE ( `id` IN ('170','170','170','190','190','190','193','193','153','153','180','103','103','102','102','101','101','103','102','101','159','159','159','154','154') )  [ RunTime:0.001000s ]
SQL: SELECT * FROM `tp_lt` WHERE ( `id` IN ('6','6','6','6','6','6','6','6','6','6','6','2','6','6','6','6','6','3','4','5','6','6','6','6','6') )  [ RunTime:0.000000s ]
INFO: [ view_parse ] --START--
NOTIC: [8] Undefined variable: pid F:\www\p2p222notminsheng\Manage\Runtime\Cache\2e832672380f97c4d4c4eea10e7e8a7a.php 第 44 行.
NOTIC: [8] Undefined variable: cate F:\www\p2p222notminsheng\Manage\Runtime\Cache\2e832672380f97c4d4c4eea10e7e8a7a.php 第 50 行.
NOTIC: [8] Undefined variable: ss F:\www\p2p222notminsheng\Manage\Runtime\Cache\2e832672380f97c4d4c4eea10e7e8a7a.php 第 53 行.
INFO: ParseTemplate Behavior ::run [ RunTime:0.010001s ]
INFO: [ view_parse ] --END-- [ RunTime:0.010001s ]
INFO: [ view_filter ] --START--
INFO: ContentReplace Behavior ::run [ RunTime:0.000000s ]
INFO: TokenBuild Behavior ::run [ RunTime:0.001000s ]
INFO: WriteHtmlCache Behavior ::run [ RunTime:0.000000s ]
INFO: ShowRuntime Behavior ::run [ RunTime:0.001000s ]
INFO: [ view_filter ] --END-- [ RunTime:0.002000s ]
INFO: [ view_end ] --START--
INFO: ShowPageTrace Behavior ::run [ RunTime:0.001000s ]
INFO: [ view_end ] --END-- [ RunTime:0.001000s ]

[ 2018-05-16T17:17:39+08:00 ] 127.0.0.1 /manage.php/Lottery/Index
INFO: [ route_check ] --START--
INFO: CheckRoute Behavior ::run [ RunTime:0.000000s ]
INFO: [ route_check ] --END-- [ RunTime:0.000000s ]
INFO: [ app_begin ] --START--
INFO: ReadHtmlCache Behavior ::run [ RunTime:0.000000s ]
INFO: [ app_begin ] --END-- [ RunTime:0.001001s ]
SQL: SHOW COLUMNS FROM `tp_lt` [ RunTime:0.000000s ]
NOTIC: [8] Undefined variable: where F:\www\p2p222notminsheng\Manage\Lib\Action\LotteryAction.class.php 第 18 行.
SQL: SELECT COUNT(*) AS tp_count FROM `tp_lt` LIMIT 1   [ RunTime:0.000000s ]
NOTIC: [8] Undefined variable: where F:\www\p2p222notminsheng\Manage\Lib\Action\LotteryAction.class.php 第 22 行.
SQL: SELECT * FROM `tp_lt` ORDER BY create_time ASC,id ASC LIMIT 0,25   [ RunTime:0.000000s ]
INFO: [ view_parse ] --START--
NOTIC: [8] Undefined variable: pid F:\www\p2p222notminsheng\Manage\Runtime\Cache\b4cf1e3b35752b08ab124ae76252b82b.php 第 32 行.
NOTIC: [8] Undefined variable: cate F:\www\p2p222notminsheng\Manage\Runtime\Cache\b4cf1e3b35752b08ab124ae76252b82b.php 第 38 行.
NOTIC: [8] Undefined variable: ss F:\www\p2p222notminsheng\Manage\Runtime\Cache\b4cf1e3b35752b08ab124ae76252b82b.php 第 41 行.
INFO: ParseTemplate Behavior ::run [ RunTime:0.007000s ]
INFO: [ view_parse ] --END-- [ RunTime:0.007000s ]
INFO: [ view_filter ] --START--
INFO: ContentReplace Behavior ::run [ RunTime:0.001000s ]
INFO: TokenBuild Behavior ::run [ RunTime:0.000000s ]
INFO: WriteHtmlCache Behavior ::run [ RunTime:0.001000s ]
INFO: ShowRuntime Behavior ::run [ RunTime:0.001000s ]
INFO: [ view_filter ] --END-- [ RunTime:0.003000s ]
INFO: [ view_end ] --START--
INFO: ShowPageTrace Behavior ::run [ RunTime:0.000000s ]
INFO: [ view_end ] --END-- [ RunTime:0.000000s ]

[ 2018-05-16T17:17:41+08:00 ] 127.0.0.1 /manage.php/Lottery/RecordIndex
INFO: [ route_check ] --START--
INFO: CheckRoute Behavior ::run [ RunTime:0.001000s ]
INFO: [ route_check ] --END-- [ RunTime:0.001000s ]
INFO: [ app_begin ] --START--
INFO: ReadHtmlCache Behavior ::run [ RunTime:0.001000s ]
INFO: [ app_begin ] --END-- [ RunTime:0.001000s ]
SQL: SHOW COLUMNS FROM `tp_record` [ RunTime:0.001000s ]
SQL: SHOW COLUMNS FROM `tp_web_user` [ RunTime:0.001000s ]
SQL: SHOW COLUMNS FROM `tp_lt` [ RunTime:0.001000s ]
NOTIC: [8] Undefined variable: where F:\www\p2p222notminsheng\Manage\Lib\Action\LotteryAction.class.php 第 95 行.
SQL: SELECT COUNT(*) AS tp_count FROM `tp_record` LIMIT 1   [ RunTime:0.000000s ]
NOTIC: [8] Undefined variable: where F:\www\p2p222notminsheng\Manage\Lib\Action\LotteryAction.class.php 第 99 行.
SQL: SELECT * FROM `tp_record` ORDER BY create_time DESC,id DESC LIMIT 0,25   [ RunTime:0.001000s ]
SQL: SELECT * FROM `tp_web_user` WHERE ( `id` IN ('170','170','170','190','190','190','193','193','153','153','180','103','103','102','102','101','101','103','102','101','159','159','159','154','154') )  [ RunTime:0.001000s ]
SQL: SELECT * FROM `tp_lt` WHERE ( `id` IN ('6','6','6','6','6','6','6','6','6','6','6','2','6','6','6','6','6','3','4','5','6','6','6','6','6') )  [ RunTime:0.000000s ]
INFO: [ view_parse ] --START--
NOTIC: [8] Undefined variable: pid F:\www\p2p222notminsheng\Manage\Runtime\Cache\2e832672380f97c4d4c4eea10e7e8a7a.php 第 44 行.
NOTIC: [8] Undefined variable: cate F:\www\p2p222notminsheng\Manage\Runtime\Cache\2e832672380f97c4d4c4eea10e7e8a7a.php 第 50 行.
NOTIC: [8] Undefined variable: ss F:\www\p2p222notminsheng\Manage\Runtime\Cache\2e832672380f97c4d4c4eea10e7e8a7a.php 第 53 行.
INFO: ParseTemplate Behavior ::run [ RunTime:0.010001s ]
INFO: [ view_parse ] --END-- [ RunTime:0.010001s ]
INFO: [ view_filter ] --START--
INFO: ContentReplace Behavior ::run [ RunTime:0.000000s ]
INFO: TokenBuild Behavior ::run [ RunTime:0.001000s ]
INFO: WriteHtmlCache Behavior ::run [ RunTime:0.000000s ]
INFO: ShowRuntime Behavior ::run [ RunTime:0.001000s ]
INFO: [ view_filter ] --END-- [ RunTime:0.002000s ]
INFO: [ view_end ] --START--
INFO: ShowPageTrace Behavior ::run [ RunTime:0.001000s ]
INFO: [ view_end ] --END-- [ RunTime:0.001000s ]

[ 2018-05-16T17:17:48+08:00 ] 127.0.0.1 /manage.php/Lottery/Index
INFO: [ route_check ] --START--
INFO: CheckRoute Behavior ::run [ RunTime:0.001000s ]
INFO: [ route_check ] --END-- [ RunTime:0.001000s ]
INFO: [ app_begin ] --START--
INFO: ReadHtmlCache Behavior ::run [ RunTime:0.001000s ]
INFO: [ app_begin ] --END-- [ RunTime:0.001000s ]
SQL: SHOW COLUMNS FROM `tp_lt` [ RunTime:0.001000s ]
NOTIC: [8] Undefined variable: where F:\www\p2p222notminsheng\Manage\Lib\Action\LotteryAction.class.php 第 18 行.
SQL: SELECT COUNT(*) AS tp_count FROM `tp_lt` LIMIT 1   [ RunTime:0.000000s ]
NOTIC: [8] Undefined variable: where F:\www\p2p222notminsheng\Manage\Lib\Action\LotteryAction.class.php 第 22 行.
SQL: SELECT * FROM `tp_lt` ORDER BY create_time ASC,id ASC LIMIT 0,25   [ RunTime:0.001000s ]
INFO: [ view_parse ] --START--
NOTIC: [8] Undefined variable: pid F:\www\p2p222notminsheng\Manage\Runtime\Cache\b4cf1e3b35752b08ab124ae76252b82b.php 第 32 行.
NOTIC: [8] Undefined variable: cate F:\www\p2p222notminsheng\Manage\Runtime\Cache\b4cf1e3b35752b08ab124ae76252b82b.php 第 38 行.
NOTIC: [8] Undefined variable: ss F:\www\p2p222notminsheng\Manage\Runtime\Cache\b4cf1e3b35752b08ab124ae76252b82b.php 第 41 行.
INFO: ParseTemplate Behavior ::run [ RunTime:0.008001s ]
INFO: [ view_parse ] --END-- [ RunTime:0.008001s ]
INFO: [ view_filter ] --START--
INFO: ContentReplace Behavior ::run [ RunTime:0.000000s ]
INFO: TokenBuild Behavior ::run [ RunTime:0.001000s ]
INFO: WriteHtmlCache Behavior ::run [ RunTime:0.000000s ]
INFO: ShowRuntime Behavior ::run [ RunTime:0.000000s ]
INFO: [ view_filter ] --END-- [ RunTime:0.002000s ]
INFO: [ view_end ] --START--
INFO: ShowPageTrace Behavior ::run [ RunTime:0.000000s ]
INFO: [ view_end ] --END-- [ RunTime:0.000000s ]

[ 2018-05-16T17:20:34+08:00 ] 127.0.0.1 /manage.php/Index/Main
INFO: [ route_check ] --START--
INFO: CheckRoute Behavior ::run [ RunTime:0.000000s ]
INFO: [ route_check ] --END-- [ RunTime:0.000000s ]
INFO: [ app_begin ] --START--
INFO: ReadHtmlCache Behavior ::run [ RunTime:0.001000s ]
INFO: [ app_begin ] --END-- [ RunTime:0.001000s ]
SQL: SHOW COLUMNS FROM `tp_user` [ RunTime:0.001000s ]
SQL: SELECT * FROM `tp_user` WHERE ( id=1 ) LIMIT 1   [ RunTime:0.001000s ]
SQL: SHOW COLUMNS FROM `tp_loan` [ RunTime:0.001000s ]
SQL: SELECT COUNT(*) AS tp_count FROM `tp_loan` WHERE ( `deal_status` = 1 ) AND ( `is_effect` = 1 ) AND ( `is_delete` = 0 ) LIMIT 1   [ RunTime:0.000000s ]
SQL: SELECT COUNT(*) AS tp_count FROM `tp_loan` WHERE ( `deal_status` = 2 ) AND ( `is_effect` = 1 ) AND ( `is_delete` = 0 ) LIMIT 1   [ RunTime:0.001000s ]
SQL: SELECT COUNT(*) AS tp_count FROM `tp_loan` WHERE ( `deal_status` = 5 ) AND ( `is_effect` = 1 ) AND ( `is_delete` = 0 ) LIMIT 1   [ RunTime:0.000000s ]
SQL: SELECT sum(loan_money) as money FROM `tp_loan` WHERE ( `deal_status` = 5 ) AND ( `is_effect` = 1 ) AND ( `is_delete` = 0 ) LIMIT 1   [ RunTime:0.001000s ]
SQL: SHOW COLUMNS FROM `tp_recharge_log` [ RunTime:0.001000s ]
SQL: SELECT sum(payAmount) as money FROM `tp_recharge_log` WHERE ( stateCode=2 ) LIMIT 1   [ RunTime:0.005000s ]
SQL: SELECT * FROM `tp_loan` WHERE ( `deal_status` = 4 ) AND ( `is_effect` = 1 ) AND ( `is_delete` = 0 )  [ RunTime:0.001000s ]
SQL: SHOW COLUMNS FROM `tp_loan_apply` [ RunTime:0.001000s ]
SQL: SELECT COUNT(*) AS tp_count FROM `tp_loan_apply` LIMIT 1   [ RunTime:0.001000s ]
INFO: [ view_parse ] --START--
INFO: ParseTemplate Behavior ::run [ RunTime:0.007001s ]
INFO: [ view_parse ] --END-- [ RunTime:0.007001s ]
INFO: [ view_filter ] --START--
INFO: ContentReplace Behavior ::run [ RunTime:0.001000s ]
INFO: TokenBuild Behavior ::run [ RunTime:0.000000s ]
INFO: WriteHtmlCache Behavior ::run [ RunTime:0.001000s ]
INFO: ShowRuntime Behavior ::run [ RunTime:0.000000s ]
INFO: [ view_filter ] --END-- [ RunTime:0.002000s ]
INFO: [ view_end ] --START--
INFO: ShowPageTrace Behavior ::run [ RunTime:0.001000s ]
INFO: [ view_end ] --END-- [ RunTime:0.001000s ]

